[ 2017-12-16T09:01:20+08:00 ] 127.0.0.1 /Home/cart/flow1
INFO: [ app_init ] --START--
INFO: Run Behavior\BuildLiteBehavior [ RunTime:0.000022s ]
INFO: [ app_init ] --END-- [ RunTime:0.020724s ]
INFO: [ app_begin ] --START--
INFO: Run Behavior\ReadHtmlCacheBehavior [ RunTime:0.021434s ]
INFO: [ app_begin ] --END-- [ RunTime:0.021515s ]

[ 2017-12-16T09:01:20+08:00 ] 127.0.0.1 /index.php/Home/user/login.html
INFO: [ app_init ] --START--
INFO: Run Behavior\BuildLiteBehavior [ RunTime:0.000010s ]
INFO: [ app_init ] --END-- [ RunTime:0.000420s ]
INFO: [ app_begin ] --START--
INFO: Run Behavior\ReadHtmlCacheBehavior [ RunTime:0.000602s ]
INFO: [ app_begin ] --END-- [ RunTime:0.000640s ]
INFO: [ view_parse ] --START--
INFO: [ template_filter ] --START--
INFO: Run Behavior\ContentReplaceBehavior [ RunTime:0.000078s ]
INFO: [ template_filter ] --END-- [ RunTime:0.000124s ]
INFO: Run Behavior\ParseTemplateBehavior [ RunTime:0.086193s ]
INFO: [ view_parse ] --END-- [ RunTime:0.086240s ]
INFO: [ view_filter ] --START--
INFO: Run Behavior\WriteHtmlCacheBehavior [ RunTime:0.011598s ]
INFO: [ view_filter ] --END-- [ RunTime:0.011631s ]
INFO: [ app_end ] --START--
INFO: Run Behavior\ShowPageTraceBehavior [ RunTime:0.000933s ]
INFO: [ app_end ] --END-- [ RunTime:0.000962s ]

[ 2017-12-16T09:01:20+08:00 ] 127.0.0.1 /index.php/Home/User/captcha
INFO: [ app_init ] --START--
INFO: Run Behavior\BuildLiteBehavior [ RunTime:0.000012s ]
INFO: [ app_init ] --END-- [ RunTime:0.000416s ]
INFO: [ app_begin ] --START--
INFO: Run Behavior\ReadHtmlCacheBehavior [ RunTime:0.000695s ]
INFO: [ app_begin ] --END-- [ RunTime:0.000747s ]
INFO: [ app_end ] --START--
INFO: Run Behavior\ShowPageTraceBehavior [ RunTime:0.000910s ]
INFO: [ app_end ] --END-- [ RunTime:0.000994s ]

[ 2017-12-16T09:01:37+08:00 ] 127.0.0.1 /index.php/Home/user/check.html?captcha=pwqj
INFO: [ app_init ] --START--
INFO: Run Behavior\BuildLiteBehavior [ RunTime:0.000017s ]
INFO: [ app_init ] --END-- [ RunTime:0.000579s ]
INFO: [ app_begin ] --START--
INFO: Run Behavior\ReadHtmlCacheBehavior [ RunTime:0.000647s ]
INFO: [ app_begin ] --END-- [ RunTime:0.000682s ]
NOTIC: [8192] mysql_escape_string(): This function is deprecated; use mysql_real_escape_string() instead. D:\webtools\server\apache\htdocs\eshop\ThinkPHP\Common\functions.php 第 370 行.
INFO: [ app_end ] --START--
INFO: Run Behavior\ShowPageTraceBehavior [ RunTime:0.000793s ]
INFO: [ app_end ] --END-- [ RunTime:0.000847s ]

[ 2017-12-16T09:01:37+08:00 ] 127.0.0.1 /index.php/Home/user/check.html?captcha=pwqj
INFO: [ app_init ] --START--
INFO: Run Behavior\BuildLiteBehavior [ RunTime:0.000016s ]
INFO: [ app_init ] --END-- [ RunTime:0.000535s ]
INFO: [ app_begin ] --START--
INFO: Run Behavior\ReadHtmlCacheBehavior [ RunTime:0.000529s ]
INFO: [ app_begin ] --END-- [ RunTime:0.000563s ]
NOTIC: [8192] mysql_escape_string(): This function is deprecated; use mysql_real_escape_string() instead. D:\webtools\server\apache\htdocs\eshop\ThinkPHP\Common\functions.php 第 370 行.
INFO: [ app_end ] --START--
INFO: Run Behavior\ShowPageTraceBehavior [ RunTime:0.000608s ]
INFO: [ app_end ] --END-- [ RunTime:0.000665s ]

[ 2017-12-16T09:01:38+08:00 ] 127.0.0.1 /index.php/Home/user/login.html
INFO: [ app_init ] --START--
INFO: Run Behavior\BuildLiteBehavior [ RunTime:0.000017s ]
INFO: [ app_init ] --END-- [ RunTime:0.000504s ]
INFO: [ app_begin ] --START--
INFO: Run Behavior\ReadHtmlCacheBehavior [ RunTime:0.000772s ]
INFO: [ app_begin ] --END-- [ RunTime:0.000819s ]
NOTIC: [8192] mysql_escape_string(): This function is deprecated; use mysql_real_escape_string() instead. D:\webtools\server\apache\htdocs\eshop\ThinkPHP\Common\functions.php 第 370 行.
NOTIC: [8192] mysql_escape_string(): This function is deprecated; use mysql_real_escape_string() instead. D:\webtools\server\apache\htdocs\eshop\ThinkPHP\Common\functions.php 第 370 行.
SQL: SHOW COLUMNS FROM `sp_user` [ RunTime:0.0116s ]
SQL: SELECT * FROM `sp_user` WHERE ( user_name = '森哥最爱梅子酒' && user_pwd ='555348e41e00fc29649dac9ae3ec11dec39ad72d' ) LIMIT 1   [ RunTime:0.0004s ]
NOTIC: [8192] mysql_escape_string(): This function is deprecated; use mysql_real_escape_string() instead. D:\webtools\server\apache\htdocs\eshop\ThinkPHP\Common\functions.php 第 370 行.

[ 2017-12-16T09:01:38+08:00 ] 127.0.0.1 /index.php/Home/index/index.html
INFO: [ app_init ] --START--
INFO: Run Behavior\BuildLiteBehavior [ RunTime:0.000009s ]
INFO: [ app_init ] --END-- [ RunTime:0.000395s ]
INFO: [ app_begin ] --START--
INFO: Run Behavior\ReadHtmlCacheBehavior [ RunTime:0.000451s ]
INFO: [ app_begin ] --END-- [ RunTime:0.000486s ]
INFO: [ view_parse ] --START--
INFO: [ template_filter ] --START--
INFO: Run Behavior\ContentReplaceBehavior [ RunTime:0.000207s ]
INFO: [ template_filter ] --END-- [ RunTime:0.000259s ]
INFO: Run Behavior\ParseTemplateBehavior [ RunTime:0.074021s ]
INFO: [ view_parse ] --END-- [ RunTime:0.074109s ]
INFO: [ view_filter ] --START--
INFO: Run Behavior\WriteHtmlCacheBehavior [ RunTime:0.000414s ]
INFO: [ view_filter ] --END-- [ RunTime:0.000457s ]
INFO: [ app_end ] --START--
INFO: Run Behavior\ShowPageTraceBehavior [ RunTime:0.000440s ]
INFO: [ app_end ] --END-- [ RunTime:0.000472s ]

[ 2017-12-16T09:01:47+08:00 ] 127.0.0.1 /index.php/Home/Cart/flow1.html
INFO: [ app_init ] --START--
INFO: Run Behavior\BuildLiteBehavior [ RunTime:0.000009s ]
INFO: [ app_init ] --END-- [ RunTime:0.000325s ]
INFO: [ app_begin ] --START--
INFO: Run Behavior\ReadHtmlCacheBehavior [ RunTime:0.000456s ]
INFO: [ app_begin ] --END-- [ RunTime:0.000496s ]
NOTIC: [8] A session had already been started - ignoring session_start() D:\webtools\server\apache\htdocs\eshop\Application\Tools\Cart.class.php 第 14 行.
SQL: SHOW COLUMNS FROM `sp_goods` [ RunTime:0.0131s ]
INFO: [ view_parse ] --START--
INFO: [ template_filter ] --START--
INFO: Run Behavior\ContentReplaceBehavior [ RunTime:0.000057s ]
INFO: [ template_filter ] --END-- [ RunTime:0.000095s ]
INFO: Run Behavior\ParseTemplateBehavior [ RunTime:0.024739s ]
INFO: [ view_parse ] --END-- [ RunTime:0.024808s ]
INFO: [ view_filter ] --START--
INFO: Run Behavior\WriteHtmlCacheBehavior [ RunTime:0.000571s ]
INFO: [ view_filter ] --END-- [ RunTime:0.000600s ]
INFO: [ app_end ] --START--
INFO: Run Behavior\ShowPageTraceBehavior [ RunTime:0.000454s ]
INFO: [ app_end ] --END-- [ RunTime:0.000483s ]

[ 2017-12-16T09:02:05+08:00 ] 127.0.0.1 /index.php/Home/Goods/detail/id/2
INFO: [ app_init ] --START--
INFO: Run Behavior\BuildLiteBehavior [ RunTime:0.000031s ]
INFO: [ app_init ] --END-- [ RunTime:0.000500s ]
INFO: [ app_begin ] --START--
INFO: Run Behavior\ReadHtmlCacheBehavior [ RunTime:0.000545s ]
INFO: [ app_begin ] --END-- [ RunTime:0.000590s ]
NOTIC: [8192] mysql_escape_string(): This function is deprecated; use mysql_real_escape_string() instead. D:\webtools\server\apache\htdocs\eshop\ThinkPHP\Common\functions.php 第 370 行.
SQL: SHOW COLUMNS FROM `sp_goods` [ RunTime:0.0104s ]
SQL: SELECT `goods_id`,`goods_name`,`goods_price`,`add_time`,`goods_introduce` FROM `sp_goods` WHERE ( goods_id='2' ) LIMIT 1   [ RunTime:0.0002s ]
SQL: SHOW COLUMNS FROM `sp_goodspics` [ RunTime:0.0063s ]
SQL: SELECT `pics_big`,`pics_mid`,`pics_sma` FROM `sp_goodspics` WHERE ( goods_id = '2' )  [ RunTime:0.0002s ]
SQL: select ga.attr_value,a.attr_sel,a.attr_name from sp_goodsattr as ga left join sp_attribute as a on ga.attr_id = a.attr_id where ga.goods_id = '2' [ RunTime:0.0002s ]
INFO: [ view_parse ] --START--
INFO: [ template_filter ] --START--
INFO: Run Behavior\ContentReplaceBehavior [ RunTime:0.000207s ]
INFO: [ template_filter ] --END-- [ RunTime:0.000250s ]
NOTIC: [8] Undefined variable: number_price D:\webtools\server\apache\htdocs\eshop\Application\Runtime\Cache\Home\795e274f7e0defaaba4ae5ed57f62a8c.php 第 520 行.
NOTIC: [8] Undefined variable: number_price D:\webtools\server\apache\htdocs\eshop\Application\Runtime\Cache\Home\795e274f7e0defaaba4ae5ed57f62a8c.php 第 521 行.
INFO: Run Behavior\ParseTemplateBehavior [ RunTime:0.068078s ]
INFO: [ view_parse ] --END-- [ RunTime:0.068108s ]
INFO: [ view_filter ] --START--
INFO: Run Behavior\WriteHtmlCacheBehavior [ RunTime:0.000392s ]
INFO: [ view_filter ] --END-- [ RunTime:0.000418s ]
INFO: [ app_end ] --START--
INFO: Run Behavior\ShowPageTraceBehavior [ RunTime:0.000504s ]
INFO: [ app_end ] --END-- [ RunTime:0.000559s ]

[ 2017-12-16T09:02:08+08:00 ] 127.0.0.1 /index.php/Home/Cart/add.html?id=2&name=%E5%AE%8F%E7%A2%81A201782399&price=6000.00&amount=3
INFO: [ app_init ] --START--
INFO: Run Behavior\BuildLiteBehavior [ RunTime:0.000009s ]
INFO: [ app_init ] --END-- [ RunTime:0.000410s ]
INFO: [ app_begin ] --START--
INFO: Run Behavior\ReadHtmlCacheBehavior [ RunTime:0.000462s ]
INFO: [ app_begin ] --END-- [ RunTime:0.000495s ]
NOTIC: [8192] mysql_escape_string(): This function is deprecated; use mysql_real_escape_string() instead. D:\webtools\server\apache\htdocs\eshop\ThinkPHP\Common\functions.php 第 411 行.
NOTIC: [8192] mysql_escape_string(): This function is deprecated; use mysql_real_escape_string() instead. D:\webtools\server\apache\htdocs\eshop\ThinkPHP\Common\functions.php 第 411 行.
NOTIC: [8192] mysql_escape_string(): This function is deprecated; use mysql_real_escape_string() instead. D:\webtools\server\apache\htdocs\eshop\ThinkPHP\Common\functions.php 第 411 行.
NOTIC: [8192] mysql_escape_string(): This function is deprecated; use mysql_real_escape_string() instead. D:\webtools\server\apache\htdocs\eshop\ThinkPHP\Common\functions.php 第 411 行.
NOTIC: [8] A session had already been started - ignoring session_start() D:\webtools\server\apache\htdocs\eshop\Application\Tools\Cart.class.php 第 14 行.
INFO: [ app_end ] --START--
INFO: Run Behavior\ShowPageTraceBehavior [ RunTime:0.000551s ]
INFO: [ app_end ] --END-- [ RunTime:0.000599s ]

[ 2017-12-16T09:02:13+08:00 ] 127.0.0.1 /index.php/Home/Goods/detail/id/3
INFO: [ app_init ] --START--
INFO: Run Behavior\BuildLiteBehavior [ RunTime:0.000010s ]
INFO: [ app_init ] --END-- [ RunTime:0.000298s ]
INFO: [ app_begin ] --START--
INFO: Run Behavior\ReadHtmlCacheBehavior [ RunTime:0.000376s ]
INFO: [ app_begin ] --END-- [ RunTime:0.000413s ]
NOTIC: [8192] mysql_escape_string(): This function is deprecated; use mysql_real_escape_string() instead. D:\webtools\server\apache\htdocs\eshop\ThinkPHP\Common\functions.php 第 370 行.
SQL: SHOW COLUMNS FROM `sp_goods` [ RunTime:0.0130s ]
SQL: SELECT `goods_id`,`goods_name`,`goods_price`,`add_time`,`goods_introduce` FROM `sp_goods` WHERE ( goods_id='3' ) LIMIT 1   [ RunTime:0.0003s ]
SQL: SHOW COLUMNS FROM `sp_goodspics` [ RunTime:0.0069s ]
SQL: SELECT `pics_big`,`pics_mid`,`pics_sma` FROM `sp_goodspics` WHERE ( goods_id = '3' )  [ RunTime:0.0002s ]
SQL: select ga.attr_value,a.attr_sel,a.attr_name from sp_goodsattr as ga left join sp_attribute as a on ga.attr_id = a.attr_id where ga.goods_id = '3' [ RunTime:0.0002s ]
INFO: [ view_parse ] --START--
INFO: [ template_filter ] --START--
INFO: Run Behavior\ContentReplaceBehavior [ RunTime:0.000226s ]
INFO: [ template_filter ] --END-- [ RunTime:0.000322s ]
NOTIC: [8] Undefined variable: number_price D:\webtools\server\apache\htdocs\eshop\Application\Runtime\Cache\Home\795e274f7e0defaaba4ae5ed57f62a8c.php 第 520 行.
NOTIC: [8] Undefined variable: number_price D:\webtools\server\apache\htdocs\eshop\Application\Runtime\Cache\Home\795e274f7e0defaaba4ae5ed57f62a8c.php 第 521 行.
INFO: Run Behavior\ParseTemplateBehavior [ RunTime:0.020076s ]
INFO: [ view_parse ] --END-- [ RunTime:0.020136s ]
INFO: [ view_filter ] --START--
INFO: Run Behavior\WriteHtmlCacheBehavior [ RunTime:0.000590s ]
INFO: [ view_filter ] --END-- [ RunTime:0.000632s ]
INFO: [ app_end ] --START--
INFO: Run Behavior\ShowPageTraceBehavior [ RunTime:0.000773s ]
INFO: [ app_end ] --END-- [ RunTime:0.000840s ]

[ 2017-12-16T09:02:15+08:00 ] 127.0.0.1 /index.php/Home/Cart/add.html?id=3&name=%E4%B8%89%E6%98%9FS2017&price=3000.00&amount=1
INFO: [ app_init ] --START--
INFO: Run Behavior\BuildLiteBehavior [ RunTime:0.000009s ]
INFO: [ app_init ] --END-- [ RunTime:0.000362s ]
INFO: [ app_begin ] --START--
INFO: Run Behavior\ReadHtmlCacheBehavior [ RunTime:0.000426s ]
INFO: [ app_begin ] --END-- [ RunTime:0.000458s ]
NOTIC: [8192] mysql_escape_string(): This function is deprecated; use mysql_real_escape_string() instead. D:\webtools\server\apache\htdocs\eshop\ThinkPHP\Common\functions.php 第 411 行.
NOTIC: [8192] mysql_escape_string(): This function is deprecated; use mysql_real_escape_string() instead. D:\webtools\server\apache\htdocs\eshop\ThinkPHP\Common\functions.php 第 411 行.
NOTIC: [8192] mysql_escape_string(): This function is deprecated; use mysql_real_escape_string() instead. D:\webtools\server\apache\htdocs\eshop\ThinkPHP\Common\functions.php 第 411 行.
NOTIC: [8192] mysql_escape_string(): This function is deprecated; use mysql_real_escape_string() instead. D:\webtools\server\apache\htdocs\eshop\ThinkPHP\Common\functions.php 第 411 行.
NOTIC: [8] A session had already been started - ignoring session_start() D:\webtools\server\apache\htdocs\eshop\Application\Tools\Cart.class.php 第 14 行.
INFO: [ app_end ] --START--
INFO: Run Behavior\ShowPageTraceBehavior [ RunTime:0.000560s ]
INFO: [ app_end ] --END-- [ RunTime:0.000606s ]

[ 2017-12-16T09:02:18+08:00 ] 127.0.0.1 /index.php/Home/Cart/flow1.html
INFO: [ app_init ] --START--
INFO: Run Behavior\BuildLiteBehavior [ RunTime:0.000012s ]
INFO: [ app_init ] --END-- [ RunTime:0.000582s ]
INFO: [ app_begin ] --START--
INFO: Run Behavior\ReadHtmlCacheBehavior [ RunTime:0.000469s ]
INFO: [ app_begin ] --END-- [ RunTime:0.000506s ]
NOTIC: [8] A session had already been started - ignoring session_start() D:\webtools\server\apache\htdocs\eshop\Application\Tools\Cart.class.php 第 14 行.
SQL: SHOW COLUMNS FROM `sp_goods` [ RunTime:0.0115s ]
SQL: SELECT `goods_small_logo` FROM `sp_goods` WHERE `goods_id` = 2 LIMIT 1   [ RunTime:0.0004s ]
SQL: SELECT `goods_small_logo` FROM `sp_goods` WHERE `goods_id` = 3 LIMIT 1   [ RunTime:0.0002s ]
INFO: [ view_parse ] --START--
INFO: [ template_filter ] --START--
INFO: Run Behavior\ContentReplaceBehavior [ RunTime:0.000057s ]
INFO: [ template_filter ] --END-- [ RunTime:0.000109s ]
INFO: Run Behavior\ParseTemplateBehavior [ RunTime:0.007760s ]
INFO: [ view_parse ] --END-- [ RunTime:0.007800s ]
INFO: [ view_filter ] --START--
INFO: Run Behavior\WriteHtmlCacheBehavior [ RunTime:0.000373s ]
INFO: [ view_filter ] --END-- [ RunTime:0.000400s ]
INFO: [ app_end ] --START--
INFO: Run Behavior\ShowPageTraceBehavior [ RunTime:0.000428s ]
INFO: [ app_end ] --END-- [ RunTime:0.000458s ]

[ 2017-12-16T09:03:10+08:00 ] 127.0.0.1 /index.php/Home/Cart/change?id=2&amount=2
INFO: [ app_init ] --START--
INFO: Run Behavior\BuildLiteBehavior [ RunTime:0.000009s ]
INFO: [ app_init ] --END-- [ RunTime:0.000378s ]
INFO: [ app_begin ] --START--
INFO: Run Behavior\ReadHtmlCacheBehavior [ RunTime:0.000482s ]
INFO: [ app_begin ] --END-- [ RunTime:0.000513s ]
NOTIC: [8192] mysql_escape_string(): This function is deprecated; use mysql_real_escape_string() instead. D:\webtools\server\apache\htdocs\eshop\ThinkPHP\Common\functions.php 第 370 行.
NOTIC: [8192] mysql_escape_string(): This function is deprecated; use mysql_real_escape_string() instead. D:\webtools\server\apache\htdocs\eshop\ThinkPHP\Common\functions.php 第 370 行.
NOTIC: [8] A session had already been started - ignoring session_start() D:\webtools\server\apache\htdocs\eshop\Application\Tools\Cart.class.php 第 14 行.
INFO: [ app_end ] --START--
INFO: Run Behavior\ShowPageTraceBehavior [ RunTime:0.000485s ]
INFO: [ app_end ] --END-- [ RunTime:0.000514s ]

[ 2017-12-16T09:03:10+08:00 ] 127.0.0.1 /index.php/Home/Cart/change?id=2&amount=3
INFO: [ app_init ] --START--
INFO: Run Behavior\BuildLiteBehavior [ RunTime:0.000009s ]
INFO: [ app_init ] --END-- [ RunTime:0.000422s ]
INFO: [ app_begin ] --START--
INFO: Run Behavior\ReadHtmlCacheBehavior [ RunTime:0.000744s ]
INFO: [ app_begin ] --END-- [ RunTime:0.000776s ]
NOTIC: [8192] mysql_escape_string(): This function is deprecated; use mysql_real_escape_string() instead. D:\webtools\server\apache\htdocs\eshop\ThinkPHP\Common\functions.php 第 370 行.
NOTIC: [8192] mysql_escape_string(): This function is deprecated; use mysql_real_escape_string() instead. D:\webtools\server\apache\htdocs\eshop\ThinkPHP\Common\functions.php 第 370 行.
NOTIC: [8] A session had already been started - ignoring session_start() D:\webtools\server\apache\htdocs\eshop\Application\Tools\Cart.class.php 第 14 行.
INFO: [ app_end ] --START--
INFO: Run Behavior\ShowPageTraceBehavior [ RunTime:0.000423s ]
INFO: [ app_end ] --END-- [ RunTime:0.000455s ]

[ 2017-12-16T09:03:11+08:00 ] 127.0.0.1 /index.php/Home/Cart/change?id=2&amount=2
INFO: [ app_init ] --START--
INFO: Run Behavior\BuildLiteBehavior [ RunTime:0.000008s ]
INFO: [ app_init ] --END-- [ RunTime:0.000338s ]
INFO: [ app_begin ] --START--
INFO: Run Behavior\ReadHtmlCacheBehavior [ RunTime:0.000410s ]
INFO: [ app_begin ] --END-- [ RunTime:0.000440s ]
NOTIC: [8192] mysql_escape_string(): This function is deprecated; use mysql_real_escape_string() instead. D:\webtools\server\apache\htdocs\eshop\ThinkPHP\Common\functions.php 第 370 行.
NOTIC: [8192] mysql_escape_string(): This function is deprecated; use mysql_real_escape_string() instead. D:\webtools\server\apache\htdocs\eshop\ThinkPHP\Common\functions.php 第 370 行.
NOTIC: [8] A session had already been started - ignoring session_start() D:\webtools\server\apache\htdocs\eshop\Application\Tools\Cart.class.php 第 14 行.
INFO: [ app_end ] --START--
INFO: Run Behavior\ShowPageTraceBehavior [ RunTime:0.000403s ]
INFO: [ app_end ] --END-- [ RunTime:0.000433s ]

[ 2017-12-16T09:03:12+08:00 ] 127.0.0.1 /index.php/Home/Cart/change?id=2&amount=3
INFO: [ app_init ] --START--
INFO: Run Behavior\BuildLiteBehavior [ RunTime:0.000010s ]
INFO: [ app_init ] --END-- [ RunTime:0.000490s ]
INFO: [ app_begin ] --START--
INFO: Run Behavior\ReadHtmlCacheBehavior [ RunTime:0.000448s ]
INFO: [ app_begin ] --END-- [ RunTime:0.000480s ]
NOTIC: [8192] mysql_escape_string(): This function is deprecated; use mysql_real_escape_string() instead. D:\webtools\server\apache\htdocs\eshop\ThinkPHP\Common\functions.php 第 370 行.
NOTIC: [8192] mysql_escape_string(): This function is deprecated; use mysql_real_escape_string() instead. D:\webtools\server\apache\htdocs\eshop\ThinkPHP\Common\functions.php 第 370 行.
NOTIC: [8] A session had already been started - ignoring session_start() D:\webtools\server\apache\htdocs\eshop\Application\Tools\Cart.class.php 第 14 行.
INFO: [ app_end ] --START--
INFO: Run Behavior\ShowPageTraceBehavior [ RunTime:0.000902s ]
INFO: [ app_end ] --END-- [ RunTime:0.001089s ]

[ 2017-12-16T09:05:09+08:00 ] 127.0.0.1 /index.php/Home/Cart/flow1.html
INFO: [ app_init ] --START--
INFO: Run Behavior\BuildLiteBehavior [ RunTime:0.000010s ]
INFO: [ app_init ] --END-- [ RunTime:0.000394s ]
INFO: [ app_begin ] --START--
INFO: Run Behavior\ReadHtmlCacheBehavior [ RunTime:0.000459s ]
INFO: [ app_begin ] --END-- [ RunTime:0.000494s ]
NOTIC: [8] A session had already been started - ignoring session_start() D:\webtools\server\apache\htdocs\eshop\Application\Tools\Cart.class.php 第 14 行.
SQL: SHOW COLUMNS FROM `sp_goods` [ RunTime:0.0096s ]
SQL: SELECT `goods_small_logo` FROM `sp_goods` WHERE `goods_id` = 2 LIMIT 1   [ RunTime:0.0002s ]
SQL: SELECT `goods_small_logo` FROM `sp_goods` WHERE `goods_id` = 3 LIMIT 1   [ RunTime:0.0002s ]
INFO: [ view_parse ] --START--
INFO: [ template_filter ] --START--
INFO: Run Behavior\ContentReplaceBehavior [ RunTime:0.000132s ]
INFO: [ template_filter ] --END-- [ RunTime:0.000206s ]
INFO: Run Behavior\ParseTemplateBehavior [ RunTime:0.009807s ]
INFO: [ view_parse ] --END-- [ RunTime:0.009856s ]
INFO: [ view_filter ] --START--
INFO: Run Behavior\WriteHtmlCacheBehavior [ RunTime:0.000523s ]
INFO: [ view_filter ] --END-- [ RunTime:0.000572s ]
INFO: [ app_end ] --START--
INFO: Run Behavior\ShowPageTraceBehavior [ RunTime:0.000516s ]
INFO: [ app_end ] --END-- [ RunTime:0.000555s ]

[ 2017-12-16T09:05:11+08:00 ] 127.0.0.1 /index.php/Home/cart/flow2.html
INFO: [ app_init ] --START--
INFO: Run Behavior\BuildLiteBehavior [ RunTime:0.000016s ]
INFO: [ app_init ] --END-- [ RunTime:0.000541s ]
INFO: [ app_begin ] --START--
INFO: Run Behavior\ReadHtmlCacheBehavior [ RunTime:0.000989s ]
INFO: [ app_begin ] --END-- [ RunTime:0.001054s ]
INFO: [ view_parse ] --START--
INFO: [ template_filter ] --START--
INFO: Run Behavior\ContentReplaceBehavior [ RunTime:0.000048s ]
INFO: [ template_filter ] --END-- [ RunTime:0.000090s ]
INFO: Run Behavior\ParseTemplateBehavior [ RunTime:0.027998s ]
INFO: [ view_parse ] --END-- [ RunTime:0.028037s ]
INFO: [ view_filter ] --START--
INFO: Run Behavior\WriteHtmlCacheBehavior [ RunTime:0.000400s ]
INFO: [ view_filter ] --END-- [ RunTime:0.000427s ]
INFO: [ app_end ] --START--
INFO: Run Behavior\ShowPageTraceBehavior [ RunTime:0.000648s ]
INFO: [ app_end ] --END-- [ RunTime:0.000678s ]

[ 2017-12-16T09:06:17+08:00 ] 127.0.0.1 /index.php/Home/cart/flow2.html
INFO: [ app_init ] --START--
INFO: Run Behavior\BuildLiteBehavior [ RunTime:0.000027s ]
INFO: [ app_init ] --END-- [ RunTime:0.000564s ]
INFO: [ app_begin ] --START--
INFO: Run Behavior\ReadHtmlCacheBehavior [ RunTime:0.001600s ]
INFO: [ app_begin ] --END-- [ RunTime:0.001826s ]
INFO: [ view_parse ] --START--
INFO: [ template_filter ] --START--
INFO: Run Behavior\ContentReplaceBehavior [ RunTime:0.000088s ]
INFO: [ template_filter ] --END-- [ RunTime:0.000130s ]
INFO: Run Behavior\ParseTemplateBehavior [ RunTime:0.008611s ]
INFO: [ view_parse ] --END-- [ RunTime:0.008655s ]
INFO: [ view_filter ] --START--
INFO: Run Behavior\WriteHtmlCacheBehavior [ RunTime:0.000401s ]
INFO: [ view_filter ] --END-- [ RunTime:0.000435s ]
INFO: [ app_end ] --START--
INFO: Run Behavior\ShowPageTraceBehavior [ RunTime:0.000449s ]
INFO: [ app_end ] --END-- [ RunTime:0.000485s ]

[ 2017-12-16T09:08:03+08:00 ] 127.0.0.1 /index.php/Home/cart/flow2.html
INFO: [ app_init ] --START--
INFO: Run Behavior\BuildLiteBehavior [ RunTime:0.000013s ]
INFO: [ app_init ] --END-- [ RunTime:0.000458s ]
INFO: [ app_begin ] --START--
INFO: Run Behavior\ReadHtmlCacheBehavior [ RunTime:0.000558s ]
INFO: [ app_begin ] --END-- [ RunTime:0.000600s ]
NOTIC: [8] A session had already been started - ignoring session_start() D:\webtools\server\apache\htdocs\eshop\Application\Tools\Cart.class.php 第 14 行.
INFO: [ view_parse ] --START--
INFO: [ template_filter ] --START--
INFO: Run Behavior\ContentReplaceBehavior [ RunTime:0.000125s ]
INFO: [ template_filter ] --END-- [ RunTime:0.000209s ]
INFO: Run Behavior\ParseTemplateBehavior [ RunTime:0.010444s ]
INFO: [ view_parse ] --END-- [ RunTime:0.010492s ]
INFO: [ view_filter ] --START--
INFO: Run Behavior\WriteHtmlCacheBehavior [ RunTime:0.000542s ]
INFO: [ view_filter ] --END-- [ RunTime:0.000574s ]
INFO: [ app_end ] --START--
INFO: Run Behavior\ShowPageTraceBehavior [ RunTime:0.000825s ]
INFO: [ app_end ] --END-- [ RunTime:0.001195s ]

[ 2017-12-16T09:11:19+08:00 ] 127.0.0.1 /index.php/Home/Goods/detail/id/2
INFO: [ app_init ] --START--
INFO: Run Behavior\BuildLiteBehavior [ RunTime:0.000009s ]
INFO: [ app_init ] --END-- [ RunTime:0.000467s ]
INFO: [ app_begin ] --START--
INFO: Run Behavior\ReadHtmlCacheBehavior [ RunTime:0.000523s ]
INFO: [ app_begin ] --END-- [ RunTime:0.000559s ]
NOTIC: [8192] mysql_escape_string(): This function is deprecated; use mysql_real_escape_string() instead. D:\webtools\server\apache\htdocs\eshop\ThinkPHP\Common\functions.php 第 370 行.
SQL: SHOW COLUMNS FROM `sp_goods` [ RunTime:0.0095s ]
SQL: SELECT `goods_id`,`goods_name`,`goods_price`,`add_time`,`goods_introduce` FROM `sp_goods` WHERE ( goods_id='2' ) LIMIT 1   [ RunTime:0.0002s ]
SQL: SHOW COLUMNS FROM `sp_goodspics` [ RunTime:0.0040s ]
SQL: SELECT `pics_big`,`pics_mid`,`pics_sma` FROM `sp_goodspics` WHERE ( goods_id = '2' )  [ RunTime:0.0002s ]
SQL: select ga.attr_value,a.attr_sel,a.attr_name from sp_goodsattr as ga left join sp_attribute as a on ga.attr_id = a.attr_id where ga.goods_id = '2' [ RunTime:0.0003s ]
INFO: [ view_parse ] --START--
INFO: [ template_filter ] --START--
INFO: Run Behavior\ContentReplaceBehavior [ RunTime:0.000288s ]
INFO: [ template_filter ] --END-- [ RunTime:0.000349s ]
NOTIC: [8] Undefined variable: number_price D:\webtools\server\apache\htdocs\eshop\Application\Runtime\Cache\Home\795e274f7e0defaaba4ae5ed57f62a8c.php 第 520 行.
NOTIC: [8] Undefined variable: number_price D:\webtools\server\apache\htdocs\eshop\Application\Runtime\Cache\Home\795e274f7e0defaaba4ae5ed57f62a8c.php 第 521 行.
INFO: Run Behavior\ParseTemplateBehavior [ RunTime:0.016774s ]
INFO: [ view_parse ] --END-- [ RunTime:0.016828s ]
INFO: [ view_filter ] --START--
INFO: Run Behavior\WriteHtmlCacheBehavior [ RunTime:0.000903s ]
INFO: [ view_filter ] --END-- [ RunTime:0.000964s ]
INFO: [ app_end ] --START--
INFO: Run Behavior\ShowPageTraceBehavior [ RunTime:0.000989s ]
INFO: [ app_end ] --END-- [ RunTime:0.001093s ]

[ 2017-12-16T09:20:34+08:00 ] 127.0.0.1 /index.php/Home/Cart/flow2.html
INFO: [ app_init ] --START--
INFO: Run Behavior\BuildLiteBehavior [ RunTime:0.000011s ]
INFO: [ app_init ] --END-- [ RunTime:0.000662s ]
INFO: [ app_begin ] --START--
INFO: Run Behavior\ReadHtmlCacheBehavior [ RunTime:0.000487s ]
INFO: [ app_begin ] --END-- [ RunTime:0.000525s ]
NOTIC: [8] A session had already been started - ignoring session_start() D:\webtools\server\apache\htdocs\eshop\Application\Tools\Cart.class.php 第 14 行.
INFO: [ view_parse ] --START--
INFO: [ template_filter ] --START--
INFO: Run Behavior\ContentReplaceBehavior [ RunTime:0.000091s ]
INFO: [ template_filter ] --END-- [ RunTime:0.000127s ]
INFO: Run Behavior\ParseTemplateBehavior [ RunTime:0.008197s ]
INFO: [ view_parse ] --END-- [ RunTime:0.008234s ]
INFO: [ view_filter ] --START--
INFO: Run Behavior\WriteHtmlCacheBehavior [ RunTime:0.000660s ]
INFO: [ view_filter ] --END-- [ RunTime:0.000694s ]
INFO: [ app_end ] --START--
INFO: Run Behavior\ShowPageTraceBehavior [ RunTime:0.000805s ]
INFO: [ app_end ] --END-- [ RunTime:0.000872s ]

[ 2017-12-16T09:23:08+08:00 ] 127.0.0.1 /index.php/Home/Cart/flow2.html
INFO: [ app_init ] --START--
INFO: Run Behavior\BuildLiteBehavior [ RunTime:0.000010s ]
INFO: [ app_init ] --END-- [ RunTime:0.000423s ]
INFO: [ app_begin ] --START--
INFO: Run Behavior\ReadHtmlCacheBehavior [ RunTime:0.000607s ]
INFO: [ app_begin ] --END-- [ RunTime:0.000644s ]
NOTIC: [8] A session had already been started - ignoring session_start() D:\webtools\server\apache\htdocs\eshop\Application\Tools\Cart.class.php 第 14 行.
SQL: SHOW COLUMNS FROM `sp_goods` [ RunTime:0.0100s ]
SQL: SELECT `goods_small_logo` FROM `sp_goods` WHERE `goods_id` = 2 LIMIT 1   [ RunTime:0.0002s ]
SQL: SELECT `goods_small_logo` FROM `sp_goods` WHERE `goods_id` = 3 LIMIT 1   [ RunTime:0.0002s ]
INFO: [ view_parse ] --START--
INFO: [ template_filter ] --START--
INFO: Run Behavior\ContentReplaceBehavior [ RunTime:0.000088s ]
INFO: [ template_filter ] --END-- [ RunTime:0.000120s ]
INFO: Run Behavior\ParseTemplateBehavior [ RunTime:0.007614s ]
INFO: [ view_parse ] --END-- [ RunTime:0.007647s ]
INFO: [ view_filter ] --START--
INFO: Run Behavior\WriteHtmlCacheBehavior [ RunTime:0.000437s ]
INFO: [ view_filter ] --END-- [ RunTime:0.000465s ]
INFO: [ app_end ] --START--
INFO: Run Behavior\ShowPageTraceBehavior [ RunTime:0.000577s ]
INFO: [ app_end ] --END-- [ RunTime:0.000606s ]

[ 2017-12-16T09:25:10+08:00 ] 127.0.0.1 /index.php/Home/Cart/flow2.html
INFO: [ app_init ] --START--
INFO: Run Behavior\BuildLiteBehavior [ RunTime:0.000011s ]
INFO: [ app_init ] --END-- [ RunTime:0.000493s ]
INFO: [ app_begin ] --START--
INFO: Run Behavior\ReadHtmlCacheBehavior [ RunTime:0.000581s ]
INFO: [ app_begin ] --END-- [ RunTime:0.000616s ]
NOTIC: [8] A session had already been started - ignoring session_start() D:\webtools\server\apache\htdocs\eshop\Application\Tools\Cart.class.php 第 14 行.
SQL: SHOW COLUMNS FROM `sp_goods` [ RunTime:0.0048s ]
SQL: SELECT `goods_small_logo` FROM `sp_goods` WHERE `goods_id` = 2 LIMIT 1   [ RunTime:0.0002s ]
SQL: SELECT `goods_small_logo` FROM `sp_goods` WHERE `goods_id` = 3 LIMIT 1   [ RunTime:0.0002s ]
INFO: [ view_parse ] --START--
INFO: [ template_filter ] --START--
INFO: Run Behavior\ContentReplaceBehavior [ RunTime:0.000085s ]
INFO: [ template_filter ] --END-- [ RunTime:0.000119s ]
INFO: Run Behavior\ParseTemplateBehavior [ RunTime:0.010212s ]
INFO: [ view_parse ] --END-- [ RunTime:0.010248s ]
INFO: [ view_filter ] --START--
INFO: Run Behavior\WriteHtmlCacheBehavior [ RunTime:0.000439s ]
INFO: [ view_filter ] --END-- [ RunTime:0.000495s ]
INFO: [ app_end ] --START--
INFO: Run Behavior\ShowPageTraceBehavior [ RunTime:0.000636s ]
INFO: [ app_end ] --END-- [ RunTime:0.000666s ]

[ 2017-12-16T09:25:48+08:00 ] 127.0.0.1 /index.php/Home/Cart/flow2.html
INFO: [ app_init ] --START--
INFO: Run Behavior\BuildLiteBehavior [ RunTime:0.000012s ]
INFO: [ app_init ] --END-- [ RunTime:0.000395s ]
INFO: [ app_begin ] --START--
INFO: Run Behavior\ReadHtmlCacheBehavior [ RunTime:0.000481s ]
INFO: [ app_begin ] --END-- [ RunTime:0.000516s ]
NOTIC: [8] A session had already been started - ignoring session_start() D:\webtools\server\apache\htdocs\eshop\Application\Tools\Cart.class.php 第 14 行.
SQL: SHOW COLUMNS FROM `sp_goods` [ RunTime:0.0114s ]
SQL: SELECT `goods_small_logo` FROM `sp_goods` WHERE `goods_id` = 2 LIMIT 1   [ RunTime:0.0004s ]
SQL: SELECT `goods_small_logo` FROM `sp_goods` WHERE `goods_id` = 3 LIMIT 1   [ RunTime:0.0003s ]
INFO: [ view_parse ] --START--
INFO: [ template_filter ] --START--
INFO: Run Behavior\ContentReplaceBehavior [ RunTime:0.000201s ]
INFO: [ template_filter ] --END-- [ RunTime:0.000237s ]
INFO: Run Behavior\ParseTemplateBehavior [ RunTime:0.009519s ]
INFO: [ view_parse ] --END-- [ RunTime:0.009598s ]
INFO: [ view_filter ] --START--
INFO: Run Behavior\WriteHtmlCacheBehavior [ RunTime:0.000499s ]
INFO: [ view_filter ] --END-- [ RunTime:0.000531s ]
INFO: [ app_end ] --START--
INFO: Run Behavior\ShowPageTraceBehavior [ RunTime:0.000567s ]
INFO: [ app_end ] --END-- [ RunTime:0.000597s ]

[ 2017-12-16T09:25:50+08:00 ] 127.0.0.1 /index.php/Home/goods/detail/id/2.html
INFO: [ app_init ] --START--
INFO: Run Behavior\BuildLiteBehavior [ RunTime:0.000009s ]
INFO: [ app_init ] --END-- [ RunTime:0.000403s ]
INFO: [ app_begin ] --START--
INFO: Run Behavior\ReadHtmlCacheBehavior [ RunTime:0.000453s ]
INFO: [ app_begin ] --END-- [ RunTime:0.000486s ]
NOTIC: [8192] mysql_escape_string(): This function is deprecated; use mysql_real_escape_string() instead. D:\webtools\server\apache\htdocs\eshop\ThinkPHP\Common\functions.php 第 370 行.
SQL: SHOW COLUMNS FROM `sp_goods` [ RunTime:0.0099s ]
SQL: SELECT `goods_id`,`goods_name`,`goods_price`,`add_time`,`goods_introduce` FROM `sp_goods` WHERE ( goods_id='2' ) LIMIT 1   [ RunTime:0.0002s ]
SQL: SHOW COLUMNS FROM `sp_goodspics` [ RunTime:0.0037s ]
SQL: SELECT `pics_big`,`pics_mid`,`pics_sma` FROM `sp_goodspics` WHERE ( goods_id = '2' )  [ RunTime:0.0003s ]
SQL: select ga.attr_value,a.attr_sel,a.attr_name from sp_goodsattr as ga left join sp_attribute as a on ga.attr_id = a.attr_id where ga.goods_id = '2' [ RunTime:0.0002s ]
INFO: [ view_parse ] --START--
INFO: [ template_filter ] --START--
INFO: Run Behavior\ContentReplaceBehavior [ RunTime:0.000256s ]
INFO: [ template_filter ] --END-- [ RunTime:0.000320s ]
NOTIC: [8] Undefined variable: number_price D:\webtools\server\apache\htdocs\eshop\Application\Runtime\Cache\Home\795e274f7e0defaaba4ae5ed57f62a8c.php 第 520 行.
NOTIC: [8] Undefined variable: number_price D:\webtools\server\apache\htdocs\eshop\Application\Runtime\Cache\Home\795e274f7e0defaaba4ae5ed57f62a8c.php 第 521 行.
INFO: Run Behavior\ParseTemplateBehavior [ RunTime:0.019385s ]
INFO: [ view_parse ] --END-- [ RunTime:0.019424s ]
INFO: [ view_filter ] --START--
INFO: Run Behavior\WriteHtmlCacheBehavior [ RunTime:0.000478s ]
INFO: [ view_filter ] --END-- [ RunTime:0.000568s ]
INFO: [ app_end ] --START--
INFO: Run Behavior\ShowPageTraceBehavior [ RunTime:0.000982s ]
INFO: [ app_end ] --END-- [ RunTime:0.001063s ]

[ 2017-12-16T09:26:43+08:00 ] 127.0.0.1 /index.php/Home/Cart/flow2.html
INFO: [ app_init ] --START--
INFO: Run Behavior\BuildLiteBehavior [ RunTime:0.000010s ]
INFO: [ app_init ] --END-- [ RunTime:0.000338s ]
INFO: [ app_begin ] --START--
INFO: Run Behavior\ReadHtmlCacheBehavior [ RunTime:0.000396s ]
INFO: [ app_begin ] --END-- [ RunTime:0.000430s ]
NOTIC: [8] A session had already been started - ignoring session_start() D:\webtools\server\apache\htdocs\eshop\Application\Tools\Cart.class.php 第 14 行.
SQL: SHOW COLUMNS FROM `sp_goods` [ RunTime:0.0047s ]
SQL: SELECT `goods_small_logo` FROM `sp_goods` WHERE `goods_id` = 2 LIMIT 1   [ RunTime:0.0002s ]
SQL: SELECT `goods_small_logo` FROM `sp_goods` WHERE `goods_id` = 3 LIMIT 1   [ RunTime:0.0002s ]
INFO: [ view_parse ] --START--
INFO: [ template_filter ] --START--
INFO: Run Behavior\ContentReplaceBehavior [ RunTime:0.000093s ]
INFO: [ template_filter ] --END-- [ RunTime:0.000128s ]
NOTIC: [8] Undefined index: goods_number D:\webtools\server\apache\htdocs\eshop\Application\Runtime\Cache\Home\64564d98cc9343b26eb8037cae0ef6da.php 第 297 行.
NOTIC: [8] Undefined index: goods D:\webtools\server\apache\htdocs\eshop\Application\Runtime\Cache\Home\64564d98cc9343b26eb8037cae0ef6da.php 第 298 行.
NOTIC: [8] Undefined index: goods_number D:\webtools\server\apache\htdocs\eshop\Application\Runtime\Cache\Home\64564d98cc9343b26eb8037cae0ef6da.php 第 297 行.
NOTIC: [8] Undefined index: goods D:\webtools\server\apache\htdocs\eshop\Application\Runtime\Cache\Home\64564d98cc9343b26eb8037cae0ef6da.php 第 298 行.
INFO: Run Behavior\ParseTemplateBehavior [ RunTime:0.009268s ]
INFO: [ view_parse ] --END-- [ RunTime:0.009299s ]
INFO: [ view_filter ] --START--
INFO: Run Behavior\WriteHtmlCacheBehavior [ RunTime:0.000406s ]
INFO: [ view_filter ] --END-- [ RunTime:0.000434s ]
INFO: [ app_end ] --START--
INFO: Run Behavior\ShowPageTraceBehavior [ RunTime:0.000549s ]
INFO: [ app_end ] --END-- [ RunTime:0.000580s ]

[ 2017-12-16T09:27:05+08:00 ] 127.0.0.1 /index.php/Home/Cart/flow2.html
INFO: [ app_init ] --START--
INFO: Run Behavior\BuildLiteBehavior [ RunTime:0.000010s ]
INFO: [ app_init ] --END-- [ RunTime:0.000501s ]
INFO: [ app_begin ] --START--
INFO: Run Behavior\ReadHtmlCacheBehavior [ RunTime:0.000508s ]
INFO: [ app_begin ] --END-- [ RunTime:0.000546s ]
NOTIC: [8] A session had already been started - ignoring session_start() D:\webtools\server\apache\htdocs\eshop\Application\Tools\Cart.class.php 第 14 行.
SQL: SHOW COLUMNS FROM `sp_goods` [ RunTime:0.0119s ]
SQL: SELECT `goods_small_logo` FROM `sp_goods` WHERE `goods_id` = 2 LIMIT 1   [ RunTime:0.0003s ]
SQL: SELECT `goods_small_logo` FROM `sp_goods` WHERE `goods_id` = 3 LIMIT 1   [ RunTime:0.0002s ]
INFO: [ view_parse ] --START--
INFO: [ template_filter ] --START--
INFO: Run Behavior\ContentReplaceBehavior [ RunTime:0.000086s ]
INFO: [ template_filter ] --END-- [ RunTime:0.000119s ]
INFO: Run Behavior\ParseTemplateBehavior [ RunTime:0.008563s ]
INFO: [ view_parse ] --END-- [ RunTime:0.008608s ]
INFO: [ view_filter ] --START--
INFO: Run Behavior\WriteHtmlCacheBehavior [ RunTime:0.000371s ]
INFO: [ view_filter ] --END-- [ RunTime:0.000400s ]
INFO: [ app_end ] --START--
INFO: Run Behavior\ShowPageTraceBehavior [ RunTime:0.000476s ]
INFO: [ app_end ] --END-- [ RunTime:0.000502s ]

[ 2017-12-16T09:30:36+08:00 ] 127.0.0.1 /index.php/Home/Cart/flow2.html
INFO: [ app_init ] --START--
INFO: Run Behavior\BuildLiteBehavior [ RunTime:0.000030s ]
INFO: [ app_init ] --END-- [ RunTime:0.000567s ]
INFO: [ app_begin ] --START--
INFO: Run Behavior\ReadHtmlCacheBehavior [ RunTime:0.000618s ]
INFO: [ app_begin ] --END-- [ RunTime:0.000678s ]
NOTIC: [8] A session had already been started - ignoring session_start() D:\webtools\server\apache\htdocs\eshop\Application\Tools\Cart.class.php 第 14 行.
SQL: SHOW COLUMNS FROM `sp_goods` [ RunTime:0.0097s ]
SQL: SELECT `goods_small_logo` FROM `sp_goods` WHERE `goods_id` = 2 LIMIT 1   [ RunTime:0.0002s ]
SQL: SELECT `goods_small_logo` FROM `sp_goods` WHERE `goods_id` = 3 LIMIT 1   [ RunTime:0.0002s ]
INFO: [ view_parse ] --START--
INFO: [ template_filter ] --START--
INFO: Run Behavior\ContentReplaceBehavior [ RunTime:0.000090s ]
INFO: [ template_filter ] --END-- [ RunTime:0.000126s ]
NOTIC: [8] Undefined index: price + 18.00 D:\webtools\server\apache\htdocs\eshop\Application\Runtime\Cache\Home\64564d98cc9343b26eb8037cae0ef6da.php 第 319 行.
INFO: Run Behavior\ParseTemplateBehavior [ RunTime:0.010333s ]
INFO: [ view_parse ] --END-- [ RunTime:0.010362s ]
INFO: [ view_filter ] --START--
INFO: Run Behavior\WriteHtmlCacheBehavior [ RunTime:0.000385s ]
INFO: [ view_filter ] --END-- [ RunTime:0.000412s ]
INFO: [ app_end ] --START--
INFO: Run Behavior\ShowPageTraceBehavior [ RunTime:0.000525s ]
INFO: [ app_end ] --END-- [ RunTime:0.000553s ]

[ 2017-12-16T09:31:06+08:00 ] 127.0.0.1 /index.php/Home/Cart/flow2.html
INFO: [ app_init ] --START--
INFO: Run Behavior\BuildLiteBehavior [ RunTime:0.000010s ]
INFO: [ app_init ] --END-- [ RunTime:0.000473s ]
INFO: [ app_begin ] --START--
INFO: Run Behavior\ReadHtmlCacheBehavior [ RunTime:0.000637s ]
INFO: [ app_begin ] --END-- [ RunTime:0.000686s ]
NOTIC: [8] A session had already been started - ignoring session_start() D:\webtools\server\apache\htdocs\eshop\Application\Tools\Cart.class.php 第 14 行.
SQL: SHOW COLUMNS FROM `sp_goods` [ RunTime:0.0048s ]
SQL: SELECT `goods_small_logo` FROM `sp_goods` WHERE `goods_id` = 2 LIMIT 1   [ RunTime:0.0002s ]
SQL: SELECT `goods_small_logo` FROM `sp_goods` WHERE `goods_id` = 3 LIMIT 1   [ RunTime:0.0002s ]
INFO: [ view_parse ] --START--
INFO: [ template_filter ] --START--
INFO: Run Behavior\ContentReplaceBehavior [ RunTime:0.000085s ]
INFO: [ template_filter ] --END-- [ RunTime:0.000113s ]
INFO: Run Behavior\ParseTemplateBehavior [ RunTime:0.008134s ]
INFO: [ view_parse ] --END-- [ RunTime:0.008175s ]
INFO: [ view_filter ] --START--
INFO: Run Behavior\WriteHtmlCacheBehavior [ RunTime:0.000472s ]
INFO: [ view_filter ] --END-- [ RunTime:0.000520s ]
INFO: [ app_end ] --START--
INFO: Run Behavior\ShowPageTraceBehavior [ RunTime:0.000510s ]
INFO: [ app_end ] --END-- [ RunTime:0.000539s ]

[ 2017-12-16T09:32:20+08:00 ] 127.0.0.1 /index.php/Home/Cart/flow2.html
INFO: [ app_init ] --START--
INFO: Run Behavior\BuildLiteBehavior [ RunTime:0.000013s ]
INFO: [ app_init ] --END-- [ RunTime:0.000379s ]
INFO: [ app_begin ] --START--
INFO: Run Behavior\ReadHtmlCacheBehavior [ RunTime:0.000540s ]
INFO: [ app_begin ] --END-- [ RunTime:0.000603s ]
NOTIC: [8] A session had already been started - ignoring session_start() D:\webtools\server\apache\htdocs\eshop\Application\Tools\Cart.class.php 第 14 行.
SQL: SHOW COLUMNS FROM `sp_goods` [ RunTime:0.0108s ]
SQL: SELECT `goods_small_logo` FROM `sp_goods` WHERE `goods_id` = 2 LIMIT 1   [ RunTime:0.0002s ]
SQL: SELECT `goods_small_logo` FROM `sp_goods` WHERE `goods_id` = 3 LIMIT 1   [ RunTime:0.0002s ]
INFO: [ view_parse ] --START--
INFO: [ template_filter ] --START--
INFO: Run Behavior\ContentReplaceBehavior [ RunTime:0.000087s ]
INFO: [ template_filter ] --END-- [ RunTime:0.000117s ]
INFO: Run Behavior\ParseTemplateBehavior [ RunTime:0.007848s ]
INFO: [ view_parse ] --END-- [ RunTime:0.007881s ]
INFO: [ view_filter ] --START--
INFO: Run Behavior\WriteHtmlCacheBehavior [ RunTime:0.000398s ]
INFO: [ view_filter ] --END-- [ RunTime:0.000426s ]
INFO: [ app_end ] --START--
INFO: Run Behavior\ShowPageTraceBehavior [ RunTime:0.000600s ]
INFO: [ app_end ] --END-- [ RunTime:0.000647s ]

[ 2017-12-16T09:33:01+08:00 ] 127.0.0.1 /index.php/Home/Cart/flow3.html
INFO: [ app_init ] --START--
INFO: Run Behavior\BuildLiteBehavior [ RunTime:0.000012s ]
INFO: [ app_init ] --END-- [ RunTime:0.000436s ]
INFO: [ app_begin ] --START--
INFO: Run Behavior\ReadHtmlCacheBehavior [ RunTime:0.000987s ]
INFO: [ app_begin ] --END-- [ RunTime:0.001069s ]
INFO: [ view_parse ] --START--
INFO: [ template_filter ] --START--
INFO: Run Behavior\ContentReplaceBehavior [ RunTime:0.000069s ]
INFO: [ template_filter ] --END-- [ RunTime:0.000182s ]
INFO: Run Behavior\ParseTemplateBehavior [ RunTime:0.007689s ]
INFO: [ view_parse ] --END-- [ RunTime:0.007757s ]
INFO: [ view_filter ] --START--
INFO: Run Behavior\WriteHtmlCacheBehavior [ RunTime:0.000968s ]
INFO: [ view_filter ] --END-- [ RunTime:0.001046s ]
INFO: [ app_end ] --START--
INFO: Run Behavior\ShowPageTraceBehavior [ RunTime:0.001255s ]
INFO: [ app_end ] --END-- [ RunTime:0.001319s ]

[ 2017-12-16T09:33:21+08:00 ] 127.0.0.1 /index.php/Home/Cart/flow3.html
INFO: [ app_init ] --START--
INFO: Run Behavior\BuildLiteBehavior [ RunTime:0.000010s ]
INFO: [ app_init ] --END-- [ RunTime:0.000376s ]
INFO: [ app_begin ] --START--
INFO: Run Behavior\ReadHtmlCacheBehavior [ RunTime:0.000482s ]
INFO: [ app_begin ] --END-- [ RunTime:0.000522s ]
INFO: [ view_parse ] --START--
INFO: [ template_filter ] --START--
INFO: Run Behavior\ContentReplaceBehavior [ RunTime:0.000051s ]
INFO: [ template_filter ] --END-- [ RunTime:0.000094s ]
INFO: Run Behavior\ParseTemplateBehavior [ RunTime:0.028560s ]
INFO: [ view_parse ] --END-- [ RunTime:0.028615s ]
INFO: [ view_filter ] --START--
INFO: Run Behavior\WriteHtmlCacheBehavior [ RunTime:0.000364s ]
INFO: [ view_filter ] --END-- [ RunTime:0.000391s ]
INFO: [ app_end ] --START--
INFO: Run Behavior\ShowPageTraceBehavior [ RunTime:0.000423s ]
INFO: [ app_end ] --END-- [ RunTime:0.000452s ]

[ 2017-12-16T09:33:33+08:00 ] 127.0.0.1 /index.php/Home/Cart/flow2.html
INFO: [ app_init ] --START--
INFO: Run Behavior\BuildLiteBehavior [ RunTime:0.000013s ]
INFO: [ app_init ] --END-- [ RunTime:0.000638s ]
INFO: [ app_begin ] --START--
INFO: Run Behavior\ReadHtmlCacheBehavior [ RunTime:0.000706s ]
INFO: [ app_begin ] --END-- [ RunTime:0.000755s ]
NOTIC: [8] A session had already been started - ignoring session_start() D:\webtools\server\apache\htdocs\eshop\Application\Tools\Cart.class.php 第 14 行.
SQL: SHOW COLUMNS FROM `sp_goods` [ RunTime:0.0097s ]
SQL: SELECT `goods_small_logo` FROM `sp_goods` WHERE `goods_id` = 2 LIMIT 1   [ RunTime:0.0003s ]
SQL: SELECT `goods_small_logo` FROM `sp_goods` WHERE `goods_id` = 3 LIMIT 1   [ RunTime:0.0002s ]
INFO: [ view_parse ] --START--
INFO: [ template_filter ] --START--
INFO: Run Behavior\ContentReplaceBehavior [ RunTime:0.000092s ]
INFO: [ template_filter ] --END-- [ RunTime:0.000128s ]
INFO: Run Behavior\ParseTemplateBehavior [ RunTime:0.009713s ]
INFO: [ view_parse ] --END-- [ RunTime:0.009747s ]
INFO: [ view_filter ] --START--
INFO: Run Behavior\WriteHtmlCacheBehavior [ RunTime:0.000409s ]
INFO: [ view_filter ] --END-- [ RunTime:0.000437s ]
INFO: [ app_end ] --START--
INFO: Run Behavior\ShowPageTraceBehavior [ RunTime:0.000461s ]
INFO: [ app_end ] --END-- [ RunTime:0.000489s ]

[ 2017-12-16T09:33:36+08:00 ] 127.0.0.1 /index.php/Home/Cart/flow3.html
INFO: [ app_init ] --START--
INFO: Run Behavior\BuildLiteBehavior [ RunTime:0.000013s ]
INFO: [ app_init ] --END-- [ RunTime:0.000456s ]
INFO: [ app_begin ] --START--
INFO: Run Behavior\ReadHtmlCacheBehavior [ RunTime:0.000631s ]
INFO: [ app_begin ] --END-- [ RunTime:0.000757s ]
INFO: [ view_parse ] --START--
INFO: [ template_filter ] --START--
INFO: Run Behavior\ContentReplaceBehavior [ RunTime:0.000125s ]
INFO: [ template_filter ] --END-- [ RunTime:0.000215s ]
INFO: Run Behavior\ParseTemplateBehavior [ RunTime:0.008845s ]
INFO: [ view_parse ] --END-- [ RunTime:0.008889s ]
INFO: [ view_filter ] --START--
INFO: Run Behavior\WriteHtmlCacheBehavior [ RunTime:0.000391s ]
INFO: [ view_filter ] --END-- [ RunTime:0.000419s ]
INFO: [ app_end ] --START--
INFO: Run Behavior\ShowPageTraceBehavior [ RunTime:0.000443s ]
INFO: [ app_end ] --END-- [ RunTime:0.000472s ]

[ 2017-12-16T09:34:30+08:00 ] 127.0.0.1 /index.php/Home/Cart/flow2.html
INFO: [ app_init ] --START--
INFO: Run Behavior\BuildLiteBehavior [ RunTime:0.000012s ]
INFO: [ app_init ] --END-- [ RunTime:0.000613s ]
INFO: [ app_begin ] --START--
INFO: Run Behavior\ReadHtmlCacheBehavior [ RunTime:0.000521s ]
INFO: [ app_begin ] --END-- [ RunTime:0.000560s ]
NOTIC: [8] A session had already been started - ignoring session_start() D:\webtools\server\apache\htdocs\eshop\Application\Tools\Cart.class.php 第 14 行.
SQL: SHOW COLUMNS FROM `sp_goods` [ RunTime:0.0116s ]
SQL: SELECT `goods_small_logo` FROM `sp_goods` WHERE `goods_id` = 2 LIMIT 1   [ RunTime:0.0003s ]
SQL: SELECT `goods_small_logo` FROM `sp_goods` WHERE `goods_id` = 3 LIMIT 1   [ RunTime:0.0002s ]
INFO: [ view_parse ] --START--
INFO: [ template_filter ] --START--
INFO: Run Behavior\ContentReplaceBehavior [ RunTime:0.000092s ]
INFO: [ template_filter ] --END-- [ RunTime:0.000128s ]
INFO: Run Behavior\ParseTemplateBehavior [ RunTime:0.009540s ]
INFO: [ view_parse ] --END-- [ RunTime:0.009601s ]
INFO: [ view_filter ] --START--
INFO: Run Behavior\WriteHtmlCacheBehavior [ RunTime:0.000551s ]
INFO: [ view_filter ] --END-- [ RunTime:0.000601s ]
INFO: [ app_end ] --START--
INFO: Run Behavior\ShowPageTraceBehavior [ RunTime:0.000543s ]
INFO: [ app_end ] --END-- [ RunTime:0.000574s ]

[ 2017-12-16T09:54:51+08:00 ] 127.0.0.1 /index.php/Home/order/add.html
INFO: [ app_init ] --START--
INFO: Run Behavior\BuildLiteBehavior [ RunTime:0.000009s ]
INFO: [ app_init ] --END-- [ RunTime:0.000359s ]
INFO: [ app_begin ] --START--
INFO: Run Behavior\ReadHtmlCacheBehavior [ RunTime:0.000482s ]
INFO: [ app_begin ] --END-- [ RunTime:0.000517s ]
SQL: SHOW COLUMNS FROM `sp_order` [ RunTime:0.0131s ]
NOTIC: [8] A session had already been started - ignoring session_start() D:\webtools\server\apache\htdocs\eshop\Application\Tools\Cart.class.php 第 14 行.
SQL: INSERT INTO `sp_order` (`user_id`,`order_number`,`order_price`,`cgn_id`,`add_time`,`upd_time`) VALUES ('1','szphp81513389291','21000','1','1513389291','1513389291') [ RunTime:0.0023s ]
NOTIC: [8] A session had already been started - ignoring session_start() D:\webtools\server\apache\htdocs\eshop\Application\Tools\Cart.class.php 第 14 行.
INFO: [ app_end ] --START--
INFO: Run Behavior\ShowPageTraceBehavior [ RunTime:0.000590s ]
INFO: [ app_end ] --END-- [ RunTime:0.000620s ]

[ 2017-12-16T10:02:17+08:00 ] 127.0.0.1 /index.php/Home/Cart/flow2.html
INFO: [ app_init ] --START--
INFO: Run Behavior\BuildLiteBehavior [ RunTime:0.000011s ]
INFO: [ app_init ] --END-- [ RunTime:0.000647s ]
INFO: [ app_begin ] --START--
INFO: Run Behavior\ReadHtmlCacheBehavior [ RunTime:0.000544s ]
INFO: [ app_begin ] --END-- [ RunTime:0.000586s ]
NOTIC: [8] A session had already been started - ignoring session_start() D:\webtools\server\apache\htdocs\eshop\Application\Tools\Cart.class.php 第 14 行.
SQL: SHOW COLUMNS FROM `sp_goods` [ RunTime:0.0093s ]
SQL: SELECT `goods_small_logo` FROM `sp_goods` WHERE `goods_id` = 2 LIMIT 1   [ RunTime:0.0003s ]
SQL: SELECT `goods_small_logo` FROM `sp_goods` WHERE `goods_id` = 3 LIMIT 1   [ RunTime:0.0001s ]
INFO: [ view_parse ] --START--
INFO: [ template_filter ] --START--
INFO: Run Behavior\ContentReplaceBehavior [ RunTime:0.000126s ]
INFO: [ template_filter ] --END-- [ RunTime:0.000197s ]
INFO: Run Behavior\ParseTemplateBehavior [ RunTime:0.010607s ]
INFO: [ view_parse ] --END-- [ RunTime:0.010665s ]
INFO: [ view_filter ] --START--
INFO: Run Behavior\WriteHtmlCacheBehavior [ RunTime:0.000532s ]
INFO: [ view_filter ] --END-- [ RunTime:0.000573s ]
INFO: [ app_end ] --START--
INFO: Run Behavior\ShowPageTraceBehavior [ RunTime:0.000613s ]
INFO: [ app_end ] --END-- [ RunTime:0.000650s ]

[ 2017-12-16T10:02:29+08:00 ] 127.0.0.1 /index.php/Home/order/add.html
INFO: [ app_init ] --START--
INFO: Run Behavior\BuildLiteBehavior [ RunTime:0.000021s ]
INFO: [ app_init ] --END-- [ RunTime:0.000580s ]
INFO: [ app_begin ] --START--
INFO: Run Behavior\ReadHtmlCacheBehavior [ RunTime:0.000493s ]
INFO: [ app_begin ] --END-- [ RunTime:0.000533s ]
SQL: SHOW COLUMNS FROM `sp_order` [ RunTime:0.0053s ]
NOTIC: [8] A session had already been started - ignoring session_start() D:\webtools\server\apache\htdocs\eshop\Application\Tools\Cart.class.php 第 14 行.
SQL: INSERT INTO `sp_order` (`user_id`,`order_number`,`order_price`,`cgn_id`,`add_time`,`upd_time`) VALUES ('1','szphp81513389749','21000','1','1513389749','1513389749') [ RunTime:0.0029s ]
NOTIC: [8] A session had already been started - ignoring session_start() D:\webtools\server\apache\htdocs\eshop\Application\Tools\Cart.class.php 第 14 行.
SQL: SHOW COLUMNS FROM `sp_order_goods` [ RunTime:0.0040s ]
SQL: INSERT INTO `sp_order_goods` (`order_id`,`goods_id`,`goods_price`,`goods_number`,`goods_total_price`) VALUES ('2','2','6000.00','3','18000') [ RunTime:0.0018s ]
SQL: INSERT INTO `sp_order_goods` (`order_id`,`goods_id`,`goods_price`,`goods_number`,`goods_total_price`) VALUES ('2','3','3000.00','1','3000') [ RunTime:0.0021s ]
INFO: [ app_end ] --START--
INFO: Run Behavior\ShowPageTraceBehavior [ RunTime:0.000513s ]
INFO: [ app_end ] --END-- [ RunTime:0.000547s ]

[ 2017-12-16T11:03:34+08:00 ] 127.0.0.1 /index.php/Home/Cart/flow2.html
INFO: [ app_init ] --START--
INFO: Run Behavior\BuildLiteBehavior [ RunTime:0.000012s ]
INFO: [ app_init ] --END-- [ RunTime:0.000699s ]
INFO: [ app_begin ] --START--
INFO: Run Behavior\ReadHtmlCacheBehavior [ RunTime:0.000941s ]
INFO: [ app_begin ] --END-- [ RunTime:0.001052s ]
NOTIC: [8] A session had already been started - ignoring session_start() D:\webtools\server\apache\htdocs\eshop\Application\Tools\Cart.class.php 第 14 行.
SQL: SHOW COLUMNS FROM `sp_goods` [ RunTime:0.0107s ]
SQL: SELECT `goods_small_logo` FROM `sp_goods` WHERE `goods_id` = 2 LIMIT 1   [ RunTime:0.0003s ]
SQL: SELECT `goods_small_logo` FROM `sp_goods` WHERE `goods_id` = 3 LIMIT 1   [ RunTime:0.0002s ]
INFO: [ view_parse ] --START--
INFO: [ template_filter ] --START--
INFO: Run Behavior\ContentReplaceBehavior [ RunTime:0.000102s ]
INFO: [ template_filter ] --END-- [ RunTime:0.000150s ]
INFO: Run Behavior\ParseTemplateBehavior [ RunTime:0.011960s ]
INFO: [ view_parse ] --END-- [ RunTime:0.012011s ]
INFO: [ view_filter ] --START--
INFO: Run Behavior\WriteHtmlCacheBehavior [ RunTime:0.000592s ]
INFO: [ view_filter ] --END-- [ RunTime:0.000626s ]
INFO: [ app_end ] --START--
INFO: Run Behavior\ShowPageTraceBehavior [ RunTime:0.000683s ]
INFO: [ app_end ] --END-- [ RunTime:0.000723s ]

[ 2017-12-16T11:03:37+08:00 ] 127.0.0.1 /index.php/Home/order/add.html
INFO: [ app_init ] --START--
INFO: Run Behavior\BuildLiteBehavior [ RunTime:0.000016s ]
INFO: [ app_init ] --END-- [ RunTime:0.000456s ]
INFO: [ app_begin ] --START--
INFO: Run Behavior\ReadHtmlCacheBehavior [ RunTime:0.001250s ]
INFO: [ app_begin ] --END-- [ RunTime:0.001395s ]
SQL: SHOW COLUMNS FROM `sp_order` [ RunTime:0.0052s ]
NOTIC: [8] A session had already been started - ignoring session_start() D:\webtools\server\apache\htdocs\eshop\Application\Tools\Cart.class.php 第 14 行.
SQL: INSERT INTO `sp_order` (`user_id`,`order_number`,`order_price`,`cgn_id`,`add_time`,`upd_time`) VALUES ('1','szphp81513393417','21000','1','1513393417','1513393417') [ RunTime:0.0027s ]
NOTIC: [8] A session had already been started - ignoring session_start() D:\webtools\server\apache\htdocs\eshop\Application\Tools\Cart.class.php 第 14 行.
SQL: SHOW COLUMNS FROM `sp_order_goods` [ RunTime:0.0039s ]
SQL: INSERT INTO `sp_order_goods` (`order_id`,`goods_id`,`goods_price`,`goods_number`,`goods_total_price`) VALUES ('3','2','6000.00','3','18000') [ RunTime:0.0019s ]
SQL: INSERT INTO `sp_order_goods` (`order_id`,`goods_id`,`goods_price`,`goods_number`,`goods_total_price`) VALUES ('3','3','3000.00','1','3000') [ RunTime:0.0017s ]
SQL: SHOW COLUMNS FROM `sp_order` [ RunTime:0.0061s ]
SQL: SELECT `order_number` FROM `sp_order` WHERE `order_id` = 3 LIMIT 1   [ RunTime:0.0006s ]
INFO: [ app_end ] --START--
INFO: Run Behavior\ShowPageTraceBehavior [ RunTime:0.000871s ]
INFO: [ app_end ] --END-- [ RunTime:0.000926s ]

[ 2017-12-16T11:11:15+08:00 ] 127.0.0.1 /index.php/Home/order/pay
INFO: [ app_init ] --START--
INFO: Run Behavior\BuildLiteBehavior [ RunTime:0.000011s ]
INFO: [ app_init ] --END-- [ RunTime:0.000450s ]
INFO: [ app_begin ] --START--
INFO: Run Behavior\ReadHtmlCacheBehavior [ RunTime:0.000570s ]
INFO: [ app_begin ] --END-- [ RunTime:0.000604s ]
ERR: 参数错误或者未定义:order_id

[ 2017-12-16T11:11:34+08:00 ] 127.0.0.1 /index.php/Home/order/pay
INFO: [ app_init ] --START--
INFO: Run Behavior\BuildLiteBehavior [ RunTime:0.000010s ]
INFO: [ app_init ] --END-- [ RunTime:0.000463s ]
INFO: [ app_begin ] --START--
INFO: Run Behavior\ReadHtmlCacheBehavior [ RunTime:0.000934s ]
INFO: [ app_begin ] --END-- [ RunTime:0.001040s ]
INFO: [ app_end ] --START--
INFO: Run Behavior\ShowPageTraceBehavior [ RunTime:0.001291s ]
INFO: [ app_end ] --END-- [ RunTime:0.001429s ]

[ 2017-12-16T11:11:34+08:00 ] 127.0.0.1 /index.php/Home/order/index.php
INFO: [ app_init ] --START--
INFO: Run Behavior\BuildLiteBehavior [ RunTime:0.000011s ]
INFO: [ app_init ] --END-- [ RunTime:0.000340s ]
INFO: [ app_begin ] --START--
INFO: Run Behavior\ReadHtmlCacheBehavior [ RunTime:0.000624s ]
INFO: [ app_begin ] --END-- [ RunTime:0.000699s ]
INFO: [ view_parse ] --START--
INFO: [ template_filter ] --START--
INFO: Run Behavior\ContentReplaceBehavior [ RunTime:0.000077s ]
INFO: [ template_filter ] --END-- [ RunTime:0.000147s ]
INFO: Run Behavior\ParseTemplateBehavior [ RunTime:0.005807s ]
INFO: [ view_parse ] --END-- [ RunTime:0.005860s ]
INFO: [ view_filter ] --START--
INFO: Run Behavior\WriteHtmlCacheBehavior [ RunTime:0.000457s ]
INFO: [ view_filter ] --END-- [ RunTime:0.000500s ]
INFO: [ app_end ] --START--
INFO: Run Behavior\ShowPageTraceBehavior [ RunTime:0.000651s ]
INFO: [ app_end ] --END-- [ RunTime:0.000685s ]

[ 2017-12-16T11:11:45+08:00 ] 127.0.0.1 /index.php/Home/order/pay
INFO: [ app_init ] --START--
INFO: Run Behavior\BuildLiteBehavior [ RunTime:0.000012s ]
INFO: [ app_init ] --END-- [ RunTime:0.000464s ]
INFO: [ app_begin ] --START--
INFO: Run Behavior\ReadHtmlCacheBehavior [ RunTime:0.003282s ]
INFO: [ app_begin ] --END-- [ RunTime:0.003410s ]
INFO: [ app_end ] --START--
INFO: Run Behavior\ShowPageTraceBehavior [ RunTime:0.000743s ]
INFO: [ app_end ] --END-- [ RunTime:0.000803s ]

[ 2017-12-16T11:11:46+08:00 ] 127.0.0.1 /index.php/Home/order/index.php
INFO: [ app_init ] --START--
INFO: Run Behavior\BuildLiteBehavior [ RunTime:0.000009s ]
INFO: [ app_init ] --END-- [ RunTime:0.000325s ]
INFO: [ app_begin ] --START--
INFO: Run Behavior\ReadHtmlCacheBehavior [ RunTime:0.000494s ]
INFO: [ app_begin ] --END-- [ RunTime:0.000530s ]
INFO: [ view_parse ] --START--
INFO: [ template_filter ] --START--
INFO: Run Behavior\ContentReplaceBehavior [ RunTime:0.000049s ]
INFO: [ template_filter ] --END-- [ RunTime:0.000092s ]
INFO: Run Behavior\ParseTemplateBehavior [ RunTime:0.005671s ]
INFO: [ view_parse ] --END-- [ RunTime:0.005717s ]
INFO: [ view_filter ] --START--
INFO: Run Behavior\WriteHtmlCacheBehavior [ RunTime:0.000366s ]
INFO: [ view_filter ] --END-- [ RunTime:0.000393s ]
INFO: [ app_end ] --START--
INFO: Run Behavior\ShowPageTraceBehavior [ RunTime:0.000505s ]
INFO: [ app_end ] --END-- [ RunTime:0.000534s ]

[ 2017-12-16T11:11:53+08:00 ] 127.0.0.1 /index.php/Home/order/pay
INFO: [ app_init ] --START--
INFO: Run Behavior\BuildLiteBehavior [ RunTime:0.000010s ]
INFO: [ app_init ] --END-- [ RunTime:0.000402s ]
INFO: [ app_begin ] --START--
INFO: Run Behavior\ReadHtmlCacheBehavior [ RunTime:0.000594s ]
INFO: [ app_begin ] --END-- [ RunTime:0.000630s ]
INFO: [ app_end ] --START--
INFO: Run Behavior\ShowPageTraceBehavior [ RunTime:0.000626s ]
INFO: [ app_end ] --END-- [ RunTime:0.000662s ]

[ 2017-12-16T11:11:53+08:00 ] 127.0.0.1 /index.php/Home/order/index.php
INFO: [ app_init ] --START--
INFO: Run Behavior\BuildLiteBehavior [ RunTime:0.000024s ]
INFO: [ app_init ] --END-- [ RunTime:0.000560s ]
INFO: [ app_begin ] --START--
INFO: Run Behavior\ReadHtmlCacheBehavior [ RunTime:0.000667s ]
INFO: [ app_begin ] --END-- [ RunTime:0.000742s ]
INFO: [ view_parse ] --START--
INFO: [ template_filter ] --START--
INFO: Run Behavior\ContentReplaceBehavior [ RunTime:0.000071s ]
INFO: [ template_filter ] --END-- [ RunTime:0.000133s ]
INFO: Run Behavior\ParseTemplateBehavior [ RunTime:0.006152s ]
INFO: [ view_parse ] --END-- [ RunTime:0.006207s ]
INFO: [ view_filter ] --START--
INFO: Run Behavior\WriteHtmlCacheBehavior [ RunTime:0.000495s ]
INFO: [ view_filter ] --END-- [ RunTime:0.000533s ]
INFO: [ app_end ] --START--
INFO: Run Behavior\ShowPageTraceBehavior [ RunTime:0.000677s ]
INFO: [ app_end ] --END-- [ RunTime:0.000719s ]

[ 2017-12-16T11:12:13+08:00 ] 127.0.0.1 /index.php/Home/order/pay
INFO: [ app_init ] --START--
INFO: Run Behavior\BuildLiteBehavior [ RunTime:0.000012s ]
INFO: [ app_init ] --END-- [ RunTime:0.000455s ]
INFO: [ app_begin ] --START--
INFO: Run Behavior\ReadHtmlCacheBehavior [ RunTime:0.000507s ]
INFO: [ app_begin ] --END-- [ RunTime:0.000542s ]
INFO: [ app_end ] --START--
INFO: Run Behavior\ShowPageTraceBehavior [ RunTime:0.000503s ]
INFO: [ app_end ] --END-- [ RunTime:0.000539s ]

[ 2017-12-16T11:12:31+08:00 ] 127.0.0.1 /index.php/Home/order/pay
INFO: [ app_init ] --START--
INFO: Run Behavior\BuildLiteBehavior [ RunTime:0.000016s ]
INFO: [ app_init ] --END-- [ RunTime:0.000349s ]
INFO: [ app_begin ] --START--
INFO: Run Behavior\ReadHtmlCacheBehavior [ RunTime:0.000544s ]
INFO: [ app_begin ] --END-- [ RunTime:0.000580s ]
INFO: [ app_end ] --START--
INFO: Run Behavior\ShowPageTraceBehavior [ RunTime:0.000607s ]
INFO: [ app_end ] --END-- [ RunTime:0.000645s ]

[ 2017-12-16T11:12:31+08:00 ] 127.0.0.1 /index.php/Home/order/index.php
INFO: [ app_init ] --START--
INFO: Run Behavior\BuildLiteBehavior [ RunTime:0.000019s ]
INFO: [ app_init ] --END-- [ RunTime:0.000454s ]
INFO: [ app_begin ] --START--
INFO: Run Behavior\ReadHtmlCacheBehavior [ RunTime:0.000664s ]
INFO: [ app_begin ] --END-- [ RunTime:0.000720s ]
INFO: [ view_parse ] --START--
INFO: [ template_filter ] --START--
INFO: Run Behavior\ContentReplaceBehavior [ RunTime:0.000080s ]
INFO: [ template_filter ] --END-- [ RunTime:0.000144s ]
INFO: Run Behavior\ParseTemplateBehavior [ RunTime:0.005886s ]
INFO: [ view_parse ] --END-- [ RunTime:0.005939s ]
INFO: [ view_filter ] --START--
INFO: Run Behavior\WriteHtmlCacheBehavior [ RunTime:0.000494s ]
INFO: [ view_filter ] --END-- [ RunTime:0.000535s ]
INFO: [ app_end ] --START--
INFO: Run Behavior\ShowPageTraceBehavior [ RunTime:0.001161s ]
INFO: [ app_end ] --END-- [ RunTime:0.001234s ]

[ 2017-12-16T11:12:46+08:00 ] 127.0.0.1 /index.php/Home/order/pay
INFO: [ app_init ] --START--
INFO: Run Behavior\BuildLiteBehavior [ RunTime:0.000014s ]
INFO: [ app_init ] --END-- [ RunTime:0.000522s ]
INFO: [ app_begin ] --START--
INFO: Run Behavior\ReadHtmlCacheBehavior [ RunTime:0.001548s ]
INFO: [ app_begin ] --END-- [ RunTime:0.001636s ]
INFO: [ app_end ] --START--
INFO: Run Behavior\ShowPageTraceBehavior [ RunTime:0.000866s ]
INFO: [ app_end ] --END-- [ RunTime:0.000932s ]

[ 2017-12-16T11:12:46+08:00 ] 127.0.0.1 /index.php
INFO: [ app_init ] --START--
INFO: Run Behavior\BuildLiteBehavior [ RunTime:0.000025s ]
INFO: [ app_init ] --END-- [ RunTime:0.000432s ]
INFO: [ app_begin ] --START--
INFO: Run Behavior\ReadHtmlCacheBehavior [ RunTime:0.000675s ]
INFO: [ app_begin ] --END-- [ RunTime:0.000731s ]
INFO: [ view_parse ] --START--
INFO: [ template_filter ] --START--
INFO: Run Behavior\ContentReplaceBehavior [ RunTime:0.000211s ]
INFO: [ template_filter ] --END-- [ RunTime:0.000257s ]
INFO: Run Behavior\ParseTemplateBehavior [ RunTime:0.014421s ]
INFO: [ view_parse ] --END-- [ RunTime:0.014475s ]
INFO: [ view_filter ] --START--
INFO: Run Behavior\WriteHtmlCacheBehavior [ RunTime:0.001021s ]
INFO: [ view_filter ] --END-- [ RunTime:0.001057s ]
INFO: [ app_end ] --START--
INFO: Run Behavior\ShowPageTraceBehavior [ RunTime:0.000680s ]
INFO: [ app_end ] --END-- [ RunTime:0.000721s ]

[ 2017-12-16T11:14:10+08:00 ] 127.0.0.1 /home/order/pay
INFO: [ app_init ] --START--
INFO: Run Behavior\BuildLiteBehavior [ RunTime:0.000012s ]
INFO: [ app_init ] --END-- [ RunTime:0.000505s ]
INFO: [ app_begin ] --START--
INFO: Run Behavior\ReadHtmlCacheBehavior [ RunTime:0.000646s ]
INFO: [ app_begin ] --END-- [ RunTime:0.000688s ]
INFO: [ app_end ] --START--
INFO: Run Behavior\ShowPageTraceBehavior [ RunTime:0.000713s ]
INFO: [ app_end ] --END-- [ RunTime:0.000791s ]

[ 2017-12-16T11:15:40+08:00 ] 127.0.0.1 /home/cart/flow2
INFO: [ app_init ] --START--
INFO: Run Behavior\BuildLiteBehavior [ RunTime:0.000021s ]
INFO: [ app_init ] --END-- [ RunTime:0.000903s ]
INFO: [ app_begin ] --START--
INFO: Run Behavior\ReadHtmlCacheBehavior [ RunTime:0.000808s ]
INFO: [ app_begin ] --END-- [ RunTime:0.000914s ]
NOTIC: [8] A session had already been started - ignoring session_start() D:\webtools\server\apache\htdocs\eshop\Application\Tools\Cart.class.php 第 14 行.
SQL: SHOW COLUMNS FROM `sp_goods` [ RunTime:0.0047s ]
SQL: SELECT `goods_small_logo` FROM `sp_goods` WHERE `goods_id` = 2 LIMIT 1   [ RunTime:0.0001s ]
SQL: SELECT `goods_small_logo` FROM `sp_goods` WHERE `goods_id` = 3 LIMIT 1   [ RunTime:0.0001s ]
INFO: [ view_parse ] --START--
INFO: [ template_filter ] --START--
INFO: Run Behavior\ContentReplaceBehavior [ RunTime:0.000086s ]
INFO: [ template_filter ] --END-- [ RunTime:0.000115s ]
INFO: Run Behavior\ParseTemplateBehavior [ RunTime:0.008396s ]
INFO: [ view_parse ] --END-- [ RunTime:0.008449s ]
INFO: [ view_filter ] --START--
INFO: Run Behavior\WriteHtmlCacheBehavior [ RunTime:0.000713s ]
INFO: [ view_filter ] --END-- [ RunTime:0.000767s ]
INFO: [ app_end ] --START--
INFO: Run Behavior\ShowPageTraceBehavior [ RunTime:0.000741s ]
INFO: [ app_end ] --END-- [ RunTime:0.000795s ]

[ 2017-12-16T11:15:45+08:00 ] 127.0.0.1 /index.php/Home/order/add.html
INFO: [ app_init ] --START--
INFO: Run Behavior\BuildLiteBehavior [ RunTime:0.000016s ]
INFO: [ app_init ] --END-- [ RunTime:0.000759s ]
INFO: [ app_begin ] --START--
INFO: Run Behavior\ReadHtmlCacheBehavior [ RunTime:0.000724s ]
INFO: [ app_begin ] --END-- [ RunTime:0.000789s ]
SQL: SHOW COLUMNS FROM `sp_order` [ RunTime:0.0077s ]
NOTIC: [8] A session had already been started - ignoring session_start() D:\webtools\server\apache\htdocs\eshop\Application\Tools\Cart.class.php 第 14 行.
SQL: INSERT INTO `sp_order` (`user_id`,`order_number`,`order_price`,`cgn_id`,`add_time`,`upd_time`) VALUES ('1','szphp81513394145','21000','1','1513394145','1513394145') [ RunTime:0.0019s ]
NOTIC: [8] A session had already been started - ignoring session_start() D:\webtools\server\apache\htdocs\eshop\Application\Tools\Cart.class.php 第 14 行.
SQL: SHOW COLUMNS FROM `sp_order_goods` [ RunTime:0.0039s ]
SQL: INSERT INTO `sp_order_goods` (`order_id`,`goods_id`,`goods_price`,`goods_number`,`goods_total_price`) VALUES ('4','2','6000.00','3','18000') [ RunTime:0.0016s ]
SQL: INSERT INTO `sp_order_goods` (`order_id`,`goods_id`,`goods_price`,`goods_number`,`goods_total_price`) VALUES ('4','3','3000.00','1','3000') [ RunTime:0.0012s ]
SQL: SHOW COLUMNS FROM `sp_order` [ RunTime:0.0034s ]
SQL: SELECT `order_number` FROM `sp_order` WHERE `order_id` = 4 LIMIT 1   [ RunTime:0.0004s ]
SQL: SELECT `order_price` FROM `sp_order` WHERE `order_id` = 4 LIMIT 1   [ RunTime:0.0002s ]
INFO: [ app_end ] --START--
INFO: Run Behavior\ShowPageTraceBehavior [ RunTime:0.000671s ]
INFO: [ app_end ] --END-- [ RunTime:0.000701s ]

[ 2017-12-16T11:16:12+08:00 ] 127.0.0.1 /
INFO: [ app_init ] --START--
INFO: Run Behavior\BuildLiteBehavior [ RunTime:0.000010s ]
INFO: [ app_init ] --END-- [ RunTime:0.000503s ]
INFO: [ app_begin ] --START--
INFO: Run Behavior\ReadHtmlCacheBehavior [ RunTime:0.000586s ]
INFO: [ app_begin ] --END-- [ RunTime:0.000620s ]
INFO: [ view_parse ] --START--
INFO: [ template_filter ] --START--
INFO: Run Behavior\ContentReplaceBehavior [ RunTime:0.000263s ]
INFO: [ template_filter ] --END-- [ RunTime:0.000361s ]
INFO: Run Behavior\ParseTemplateBehavior [ RunTime:0.021285s ]
INFO: [ view_parse ] --END-- [ RunTime:0.021338s ]
INFO: [ view_filter ] --START--
INFO: Run Behavior\WriteHtmlCacheBehavior [ RunTime:0.000636s ]
INFO: [ view_filter ] --END-- [ RunTime:0.000684s ]
INFO: [ app_end ] --START--
INFO: Run Behavior\ShowPageTraceBehavior [ RunTime:0.000727s ]
INFO: [ app_end ] --END-- [ RunTime:0.000773s ]

[ 2017-12-16T11:16:18+08:00 ] 127.0.0.1 /home/cart/flow2
INFO: [ app_init ] --START--
INFO: Run Behavior\BuildLiteBehavior [ RunTime:0.000015s ]
INFO: [ app_init ] --END-- [ RunTime:0.000439s ]
INFO: [ app_begin ] --START--
INFO: Run Behavior\ReadHtmlCacheBehavior [ RunTime:0.000596s ]
INFO: [ app_begin ] --END-- [ RunTime:0.000637s ]
NOTIC: [8] A session had already been started - ignoring session_start() D:\webtools\server\apache\htdocs\eshop\Application\Tools\Cart.class.php 第 14 行.
SQL: SHOW COLUMNS FROM `sp_goods` [ RunTime:0.0134s ]
SQL: SELECT `goods_small_logo` FROM `sp_goods` WHERE `goods_id` = 2 LIMIT 1   [ RunTime:0.0012s ]
SQL: SELECT `goods_small_logo` FROM `sp_goods` WHERE `goods_id` = 3 LIMIT 1   [ RunTime:0.0004s ]
INFO: [ view_parse ] --START--
INFO: [ template_filter ] --START--
INFO: Run Behavior\ContentReplaceBehavior [ RunTime:0.000102s ]
INFO: [ template_filter ] --END-- [ RunTime:0.000147s ]
INFO: Run Behavior\ParseTemplateBehavior [ RunTime:0.011389s ]
INFO: [ view_parse ] --END-- [ RunTime:0.011453s ]
INFO: [ view_filter ] --START--
INFO: Run Behavior\WriteHtmlCacheBehavior [ RunTime:0.000503s ]
INFO: [ view_filter ] --END-- [ RunTime:0.000544s ]
INFO: [ app_end ] --START--
INFO: Run Behavior\ShowPageTraceBehavior [ RunTime:0.000637s ]
INFO: [ app_end ] --END-- [ RunTime:0.000679s ]

[ 2017-12-16T11:16:21+08:00 ] 127.0.0.1 /index.php/Home/order/add.html
INFO: [ app_init ] --START--
INFO: Run Behavior\BuildLiteBehavior [ RunTime:0.000017s ]
INFO: [ app_init ] --END-- [ RunTime:0.000579s ]
INFO: [ app_begin ] --START--
INFO: Run Behavior\ReadHtmlCacheBehavior [ RunTime:0.000815s ]
INFO: [ app_begin ] --END-- [ RunTime:0.000891s ]
SQL: SHOW COLUMNS FROM `sp_order` [ RunTime:0.0103s ]
NOTIC: [8] A session had already been started - ignoring session_start() D:\webtools\server\apache\htdocs\eshop\Application\Tools\Cart.class.php 第 14 行.
SQL: INSERT INTO `sp_order` (`user_id`,`order_number`,`order_price`,`cgn_id`,`add_time`,`upd_time`) VALUES ('1','szphp81513394181','21000','1','1513394181','1513394181') [ RunTime:0.0020s ]
NOTIC: [8] A session had already been started - ignoring session_start() D:\webtools\server\apache\htdocs\eshop\Application\Tools\Cart.class.php 第 14 行.
SQL: SHOW COLUMNS FROM `sp_order_goods` [ RunTime:0.0041s ]
SQL: INSERT INTO `sp_order_goods` (`order_id`,`goods_id`,`goods_price`,`goods_number`,`goods_total_price`) VALUES ('5','2','6000.00','3','18000') [ RunTime:0.0017s ]
SQL: INSERT INTO `sp_order_goods` (`order_id`,`goods_id`,`goods_price`,`goods_number`,`goods_total_price`) VALUES ('5','3','3000.00','1','3000') [ RunTime:0.0014s ]
SQL: SHOW COLUMNS FROM `sp_order` [ RunTime:0.0069s ]
SQL: SELECT `order_number` FROM `sp_order` WHERE `order_id` = 5 LIMIT 1   [ RunTime:0.0005s ]
SQL: SELECT `order_price` FROM `sp_order` WHERE `order_id` = 5 LIMIT 1   [ RunTime:0.0004s ]
INFO: [ app_end ] --START--
INFO: Run Behavior\ShowPageTraceBehavior [ RunTime:0.000859s ]
INFO: [ app_end ] --END-- [ RunTime:0.000901s ]

[ 2017-12-16T11:16:54+08:00 ] 127.0.0.1 /home/cart/flow2
INFO: [ app_init ] --START--
INFO: Run Behavior\BuildLiteBehavior [ RunTime:0.000011s ]
INFO: [ app_init ] --END-- [ RunTime:0.000426s ]
INFO: [ app_begin ] --START--
INFO: Run Behavior\ReadHtmlCacheBehavior [ RunTime:0.000615s ]
INFO: [ app_begin ] --END-- [ RunTime:0.000651s ]
NOTIC: [8] A session had already been started - ignoring session_start() D:\webtools\server\apache\htdocs\eshop\Application\Tools\Cart.class.php 第 14 行.
SQL: SHOW COLUMNS FROM `sp_goods` [ RunTime:0.0096s ]
SQL: SELECT `goods_small_logo` FROM `sp_goods` WHERE `goods_id` = 2 LIMIT 1   [ RunTime:0.0003s ]
SQL: SELECT `goods_small_logo` FROM `sp_goods` WHERE `goods_id` = 3 LIMIT 1   [ RunTime:0.0002s ]
INFO: [ view_parse ] --START--
INFO: [ template_filter ] --START--
INFO: Run Behavior\ContentReplaceBehavior [ RunTime:0.000087s ]
INFO: [ template_filter ] --END-- [ RunTime:0.000121s ]
INFO: Run Behavior\ParseTemplateBehavior [ RunTime:0.009397s ]
INFO: [ view_parse ] --END-- [ RunTime:0.009476s ]
INFO: [ view_filter ] --START--
INFO: Run Behavior\WriteHtmlCacheBehavior [ RunTime:0.001001s ]
INFO: [ view_filter ] --END-- [ RunTime:0.001045s ]
INFO: [ app_end ] --START--
INFO: Run Behavior\ShowPageTraceBehavior [ RunTime:0.001323s ]
INFO: [ app_end ] --END-- [ RunTime:0.001399s ]

[ 2017-12-16T11:16:57+08:00 ] 127.0.0.1 /index.php/Home/order/add.html
INFO: [ app_init ] --START--
INFO: Run Behavior\BuildLiteBehavior [ RunTime:0.000016s ]
INFO: [ app_init ] --END-- [ RunTime:0.000545s ]
INFO: [ app_begin ] --START--
INFO: Run Behavior\ReadHtmlCacheBehavior [ RunTime:0.001329s ]
INFO: [ app_begin ] --END-- [ RunTime:0.001420s ]
SQL: SHOW COLUMNS FROM `sp_order` [ RunTime:0.0116s ]
NOTIC: [8] A session had already been started - ignoring session_start() D:\webtools\server\apache\htdocs\eshop\Application\Tools\Cart.class.php 第 14 行.
SQL: INSERT INTO `sp_order` (`user_id`,`order_number`,`order_price`,`cgn_id`,`add_time`,`upd_time`) VALUES ('1','szphp81513394217','21000','1','1513394217','1513394217') [ RunTime:0.0023s ]
NOTIC: [8] A session had already been started - ignoring session_start() D:\webtools\server\apache\htdocs\eshop\Application\Tools\Cart.class.php 第 14 行.
SQL: SHOW COLUMNS FROM `sp_order_goods` [ RunTime:0.0055s ]
SQL: INSERT INTO `sp_order_goods` (`order_id`,`goods_id`,`goods_price`,`goods_number`,`goods_total_price`) VALUES ('6','2','6000.00','3','18000') [ RunTime:0.0017s ]
SQL: INSERT INTO `sp_order_goods` (`order_id`,`goods_id`,`goods_price`,`goods_number`,`goods_total_price`) VALUES ('6','3','3000.00','1','3000') [ RunTime:0.0015s ]
SQL: SHOW COLUMNS FROM `sp_order` [ RunTime:0.0058s ]
SQL: SELECT `order_number` FROM `sp_order` WHERE `order_id` = 6 LIMIT 1   [ RunTime:0.0003s ]
SQL: SELECT `order_price` FROM `sp_order` WHERE `order_id` = 6 LIMIT 1   [ RunTime:0.0003s ]
INFO: [ app_end ] --START--
INFO: Run Behavior\ShowPageTraceBehavior [ RunTime:0.000998s ]
INFO: [ app_end ] --END-- [ RunTime:0.001040s ]

[ 2017-12-16T11:17:13+08:00 ] 127.0.0.1 /home/cart/flow2
INFO: [ app_init ] --START--
INFO: Run Behavior\BuildLiteBehavior [ RunTime:0.000025s ]
INFO: [ app_init ] --END-- [ RunTime:0.000464s ]
INFO: [ app_begin ] --START--
INFO: Run Behavior\ReadHtmlCacheBehavior [ RunTime:0.000885s ]
INFO: [ app_begin ] --END-- [ RunTime:0.000952s ]
NOTIC: [8] A session had already been started - ignoring session_start() D:\webtools\server\apache\htdocs\eshop\Application\Tools\Cart.class.php 第 14 行.
SQL: SHOW COLUMNS FROM `sp_goods` [ RunTime:0.0052s ]
SQL: SELECT `goods_small_logo` FROM `sp_goods` WHERE `goods_id` = 2 LIMIT 1   [ RunTime:0.0002s ]
SQL: SELECT `goods_small_logo` FROM `sp_goods` WHERE `goods_id` = 3 LIMIT 1   [ RunTime:0.0002s ]
INFO: [ view_parse ] --START--
INFO: [ template_filter ] --START--
INFO: Run Behavior\ContentReplaceBehavior [ RunTime:0.000085s ]
INFO: [ template_filter ] --END-- [ RunTime:0.000116s ]
INFO: Run Behavior\ParseTemplateBehavior [ RunTime:0.008252s ]
INFO: [ view_parse ] --END-- [ RunTime:0.008329s ]
INFO: [ view_filter ] --START--
INFO: Run Behavior\WriteHtmlCacheBehavior [ RunTime:0.000553s ]
INFO: [ view_filter ] --END-- [ RunTime:0.000592s ]
INFO: [ app_end ] --START--
INFO: Run Behavior\ShowPageTraceBehavior [ RunTime:0.000580s ]
INFO: [ app_end ] --END-- [ RunTime:0.000610s ]

[ 2017-12-16T11:17:16+08:00 ] 127.0.0.1 /index.php/Home/order/add.html
INFO: [ app_init ] --START--
INFO: Run Behavior\BuildLiteBehavior [ RunTime:0.000009s ]
INFO: [ app_init ] --END-- [ RunTime:0.000424s ]
INFO: [ app_begin ] --START--
INFO: Run Behavior\ReadHtmlCacheBehavior [ RunTime:0.000594s ]
INFO: [ app_begin ] --END-- [ RunTime:0.000629s ]
SQL: SHOW COLUMNS FROM `sp_order` [ RunTime:0.0062s ]
NOTIC: [8] A session had already been started - ignoring session_start() D:\webtools\server\apache\htdocs\eshop\Application\Tools\Cart.class.php 第 14 行.
SQL: INSERT INTO `sp_order` (`user_id`,`order_number`,`order_price`,`cgn_id`,`add_time`,`upd_time`) VALUES ('1','szphp81513394236','21000','1','1513394236','1513394236') [ RunTime:0.0023s ]
NOTIC: [8] A session had already been started - ignoring session_start() D:\webtools\server\apache\htdocs\eshop\Application\Tools\Cart.class.php 第 14 行.
SQL: SHOW COLUMNS FROM `sp_order_goods` [ RunTime:0.0036s ]
SQL: INSERT INTO `sp_order_goods` (`order_id`,`goods_id`,`goods_price`,`goods_number`,`goods_total_price`) VALUES ('7','2','6000.00','3','18000') [ RunTime:0.0018s ]
SQL: INSERT INTO `sp_order_goods` (`order_id`,`goods_id`,`goods_price`,`goods_number`,`goods_total_price`) VALUES ('7','3','3000.00','1','3000') [ RunTime:0.0009s ]
SQL: SHOW COLUMNS FROM `sp_order` [ RunTime:0.0046s ]
SQL: SELECT `order_number` FROM `sp_order` WHERE `order_id` = 7 LIMIT 1   [ RunTime:0.0005s ]
SQL: SELECT `order_price` FROM `sp_order` WHERE `order_id` = 7 LIMIT 1   [ RunTime:0.0004s ]
INFO: [ app_end ] --START--
INFO: Run Behavior\ShowPageTraceBehavior [ RunTime:0.001984s ]
INFO: [ app_end ] --END-- [ RunTime:0.002128s ]

[ 2017-12-16T11:17:55+08:00 ] 127.0.0.1 /home/cart/flow2
INFO: [ app_init ] --START--
INFO: Run Behavior\BuildLiteBehavior [ RunTime:0.000011s ]
INFO: [ app_init ] --END-- [ RunTime:0.000462s ]
INFO: [ app_begin ] --START--
INFO: Run Behavior\ReadHtmlCacheBehavior [ RunTime:0.000648s ]
INFO: [ app_begin ] --END-- [ RunTime:0.000690s ]
NOTIC: [8] A session had already been started - ignoring session_start() D:\webtools\server\apache\htdocs\eshop\Application\Tools\Cart.class.php 第 14 行.
SQL: SHOW COLUMNS FROM `sp_goods` [ RunTime:0.0062s ]
SQL: SELECT `goods_small_logo` FROM `sp_goods` WHERE `goods_id` = 2 LIMIT 1   [ RunTime:0.0004s ]
SQL: SELECT `goods_small_logo` FROM `sp_goods` WHERE `goods_id` = 3 LIMIT 1   [ RunTime:0.0002s ]
INFO: [ view_parse ] --START--
INFO: [ template_filter ] --START--
INFO: Run Behavior\ContentReplaceBehavior [ RunTime:0.000154s ]
INFO: [ template_filter ] --END-- [ RunTime:0.000472s ]
INFO: Run Behavior\ParseTemplateBehavior [ RunTime:0.009506s ]
INFO: [ view_parse ] --END-- [ RunTime:0.009546s ]
INFO: [ view_filter ] --START--
INFO: Run Behavior\WriteHtmlCacheBehavior [ RunTime:0.000598s ]
INFO: [ view_filter ] --END-- [ RunTime:0.000639s ]
INFO: [ app_end ] --START--
INFO: Run Behavior\ShowPageTraceBehavior [ RunTime:0.000820s ]
INFO: [ app_end ] --END-- [ RunTime:0.000852s ]

[ 2017-12-16T11:18:01+08:00 ] 127.0.0.1 /index.php/Home/order/add.html
INFO: [ app_init ] --START--
INFO: Run Behavior\BuildLiteBehavior [ RunTime:0.000009s ]
INFO: [ app_init ] --END-- [ RunTime:0.000417s ]
INFO: [ app_begin ] --START--
INFO: Run Behavior\ReadHtmlCacheBehavior [ RunTime:0.000559s ]
INFO: [ app_begin ] --END-- [ RunTime:0.000593s ]
SQL: SHOW COLUMNS FROM `sp_order` [ RunTime:0.0061s ]
NOTIC: [8] A session had already been started - ignoring session_start() D:\webtools\server\apache\htdocs\eshop\Application\Tools\Cart.class.php 第 14 行.
SQL: INSERT INTO `sp_order` (`user_id`,`order_number`,`order_price`,`cgn_id`,`add_time`,`upd_time`) VALUES ('1','szphp81513394281','21000','1','1513394281','1513394281') [ RunTime:0.0019s ]
NOTIC: [8] A session had already been started - ignoring session_start() D:\webtools\server\apache\htdocs\eshop\Application\Tools\Cart.class.php 第 14 行.
SQL: SHOW COLUMNS FROM `sp_order_goods` [ RunTime:0.0049s ]
SQL: INSERT INTO `sp_order_goods` (`order_id`,`goods_id`,`goods_price`,`goods_number`,`goods_total_price`) VALUES ('8','2','6000.00','3','18000') [ RunTime:0.0017s ]
SQL: INSERT INTO `sp_order_goods` (`order_id`,`goods_id`,`goods_price`,`goods_number`,`goods_total_price`) VALUES ('8','3','3000.00','1','3000') [ RunTime:0.0016s ]
SQL: SHOW COLUMNS FROM `sp_order` [ RunTime:0.0049s ]
SQL: SELECT `order_number` FROM `sp_order` WHERE `order_id` = 8 LIMIT 1   [ RunTime:0.0004s ]
INFO: [ app_end ] --START--
INFO: Run Behavior\ShowPageTraceBehavior [ RunTime:0.000835s ]
INFO: [ app_end ] --END-- [ RunTime:0.000868s ]

[ 2017-12-16T11:30:18+08:00 ] 127.0.0.1 /home/cart/flow2
INFO: [ app_init ] --START--
INFO: Run Behavior\BuildLiteBehavior [ RunTime:0.000010s ]
INFO: [ app_init ] --END-- [ RunTime:0.000411s ]
INFO: [ app_begin ] --START--
INFO: Run Behavior\ReadHtmlCacheBehavior [ RunTime:0.000629s ]
INFO: [ app_begin ] --END-- [ RunTime:0.000668s ]
NOTIC: [8] A session had already been started - ignoring session_start() D:\webtools\server\apache\htdocs\eshop\Application\Tools\Cart.class.php 第 14 行.
SQL: SHOW COLUMNS FROM `sp_goods` [ RunTime:0.0070s ]
SQL: SELECT `goods_small_logo` FROM `sp_goods` WHERE `goods_id` = 2 LIMIT 1   [ RunTime:0.0002s ]
SQL: SELECT `goods_small_logo` FROM `sp_goods` WHERE `goods_id` = 3 LIMIT 1   [ RunTime:0.0002s ]
INFO: [ view_parse ] --START--
INFO: [ template_filter ] --START--
INFO: Run Behavior\ContentReplaceBehavior [ RunTime:0.000115s ]
INFO: [ template_filter ] --END-- [ RunTime:0.000171s ]
INFO: Run Behavior\ParseTemplateBehavior [ RunTime:0.010763s ]
INFO: [ view_parse ] --END-- [ RunTime:0.010803s ]
INFO: [ view_filter ] --START--
INFO: Run Behavior\WriteHtmlCacheBehavior [ RunTime:0.000515s ]
INFO: [ view_filter ] --END-- [ RunTime:0.000548s ]
INFO: [ app_end ] --START--
INFO: Run Behavior\ShowPageTraceBehavior [ RunTime:0.000632s ]
INFO: [ app_end ] --END-- [ RunTime:0.000673s ]

[ 2017-12-16T11:30:22+08:00 ] 127.0.0.1 /index.php/Home/order/add.html
INFO: [ app_init ] --START--
INFO: Run Behavior\BuildLiteBehavior [ RunTime:0.000011s ]
INFO: [ app_init ] --END-- [ RunTime:0.000447s ]
INFO: [ app_begin ] --START--
INFO: Run Behavior\ReadHtmlCacheBehavior [ RunTime:0.000668s ]
INFO: [ app_begin ] --END-- [ RunTime:0.000714s ]
SQL: SHOW COLUMNS FROM `sp_order` [ RunTime:0.0039s ]
NOTIC: [8] A session had already been started - ignoring session_start() D:\webtools\server\apache\htdocs\eshop\Application\Tools\Cart.class.php 第 14 行.
SQL: INSERT INTO `sp_order` (`user_id`,`order_number`,`order_price`,`cgn_id`,`add_time`,`upd_time`) VALUES ('1','szphp81513395022','21000','1','1513395022','1513395022') [ RunTime:0.0023s ]
NOTIC: [8] A session had already been started - ignoring session_start() D:\webtools\server\apache\htdocs\eshop\Application\Tools\Cart.class.php 第 14 行.
SQL: SHOW COLUMNS FROM `sp_order_goods` [ RunTime:0.0034s ]
SQL: INSERT INTO `sp_order_goods` (`order_id`,`goods_id`,`goods_price`,`goods_number`,`goods_total_price`) VALUES ('9','2','6000.00','3','18000') [ RunTime:0.0012s ]
SQL: INSERT INTO `sp_order_goods` (`order_id`,`goods_id`,`goods_price`,`goods_number`,`goods_total_price`) VALUES ('9','3','3000.00','1','3000') [ RunTime:0.0011s ]
SQL: SHOW COLUMNS FROM `sp_order` [ RunTime:0.0052s ]
SQL: SELECT `order_number` FROM `sp_order` WHERE `order_id` = 9 LIMIT 1   [ RunTime:0.0010s ]
INFO: [ app_end ] --START--
INFO: Run Behavior\ShowPageTraceBehavior [ RunTime:0.001200s ]
INFO: [ app_end ] --END-- [ RunTime:0.001292s ]

[ 2017-12-16T11:34:12+08:00 ] 127.0.0.1 /home/cart/flow2
INFO: [ app_init ] --START--
INFO: Run Behavior\BuildLiteBehavior [ RunTime:0.000011s ]
INFO: [ app_init ] --END-- [ RunTime:0.000470s ]
INFO: [ app_begin ] --START--
INFO: Run Behavior\ReadHtmlCacheBehavior [ RunTime:0.001255s ]
INFO: [ app_begin ] --END-- [ RunTime:0.001363s ]
NOTIC: [8] A session had already been started - ignoring session_start() D:\webtools\server\apache\htdocs\eshop\Application\Tools\Cart.class.php 第 14 行.
SQL: SHOW COLUMNS FROM `sp_goods` [ RunTime:0.0056s ]
SQL: SELECT `goods_small_logo` FROM `sp_goods` WHERE `goods_id` = 2 LIMIT 1   [ RunTime:0.0003s ]
SQL: SELECT `goods_small_logo` FROM `sp_goods` WHERE `goods_id` = 3 LIMIT 1   [ RunTime:0.0002s ]
INFO: [ view_parse ] --START--
INFO: [ template_filter ] --START--
INFO: Run Behavior\ContentReplaceBehavior [ RunTime:0.000090s ]
INFO: [ template_filter ] --END-- [ RunTime:0.000124s ]
INFO: Run Behavior\ParseTemplateBehavior [ RunTime:0.009454s ]
INFO: [ view_parse ] --END-- [ RunTime:0.009491s ]
INFO: [ view_filter ] --START--
INFO: Run Behavior\WriteHtmlCacheBehavior [ RunTime:0.000459s ]
INFO: [ view_filter ] --END-- [ RunTime:0.000488s ]
INFO: [ app_end ] --START--
INFO: Run Behavior\ShowPageTraceBehavior [ RunTime:0.000595s ]
INFO: [ app_end ] --END-- [ RunTime:0.000624s ]

[ 2017-12-16T11:34:15+08:00 ] 127.0.0.1 /index.php/Home/order/add.html
INFO: [ app_init ] --START--
INFO: Run Behavior\BuildLiteBehavior [ RunTime:0.000011s ]
INFO: [ app_init ] --END-- [ RunTime:0.000347s ]
INFO: [ app_begin ] --START--
INFO: Run Behavior\ReadHtmlCacheBehavior [ RunTime:0.000676s ]
INFO: [ app_begin ] --END-- [ RunTime:0.000747s ]
SQL: SHOW COLUMNS FROM `sp_order` [ RunTime:0.0042s ]
NOTIC: [8] A session had already been started - ignoring session_start() D:\webtools\server\apache\htdocs\eshop\Application\Tools\Cart.class.php 第 14 行.
SQL: INSERT INTO `sp_order` (`user_id`,`order_number`,`order_price`,`cgn_id`,`add_time`,`upd_time`) VALUES ('1','szphp81513395255','21000','1','1513395255','1513395255') [ RunTime:0.0021s ]
NOTIC: [8] A session had already been started - ignoring session_start() D:\webtools\server\apache\htdocs\eshop\Application\Tools\Cart.class.php 第 14 行.
SQL: SHOW COLUMNS FROM `sp_order_goods` [ RunTime:0.0039s ]
SQL: INSERT INTO `sp_order_goods` (`order_id`,`goods_id`,`goods_price`,`goods_number`,`goods_total_price`) VALUES ('10','2','6000.00','3','18000') [ RunTime:0.0014s ]
SQL: INSERT INTO `sp_order_goods` (`order_id`,`goods_id`,`goods_price`,`goods_number`,`goods_total_price`) VALUES ('10','3','3000.00','1','3000') [ RunTime:0.0016s ]
SQL: SHOW COLUMNS FROM `sp_order` [ RunTime:0.0043s ]
SQL: SELECT `order_number` FROM `sp_order` WHERE `order_id` = 10 LIMIT 1   [ RunTime:0.0004s ]
INFO: [ app_end ] --START--
INFO: Run Behavior\ShowPageTraceBehavior [ RunTime:0.000664s ]
INFO: [ app_end ] --END-- [ RunTime:0.000696s ]

[ 2017-12-16T11:39:37+08:00 ] 127.0.0.1 /home/cart/flow2
INFO: [ app_init ] --START--
INFO: Run Behavior\BuildLiteBehavior [ RunTime:0.000010s ]
INFO: [ app_init ] --END-- [ RunTime:0.000524s ]
INFO: [ app_begin ] --START--
INFO: Run Behavior\ReadHtmlCacheBehavior [ RunTime:0.000627s ]
INFO: [ app_begin ] --END-- [ RunTime:0.000661s ]
NOTIC: [8] A session had already been started - ignoring session_start() D:\webtools\server\apache\htdocs\eshop\Application\Tools\Cart.class.php 第 14 行.
SQL: SHOW COLUMNS FROM `sp_goods` [ RunTime:0.0049s ]
SQL: SELECT `goods_small_logo` FROM `sp_goods` WHERE `goods_id` = 2 LIMIT 1   [ RunTime:0.0002s ]
SQL: SELECT `goods_small_logo` FROM `sp_goods` WHERE `goods_id` = 3 LIMIT 1   [ RunTime:0.0002s ]
INFO: [ view_parse ] --START--
INFO: [ template_filter ] --START--
INFO: Run Behavior\ContentReplaceBehavior [ RunTime:0.000087s ]
INFO: [ template_filter ] --END-- [ RunTime:0.000118s ]
INFO: Run Behavior\ParseTemplateBehavior [ RunTime:0.009774s ]
INFO: [ view_parse ] --END-- [ RunTime:0.009819s ]
INFO: [ view_filter ] --START--
INFO: Run Behavior\WriteHtmlCacheBehavior [ RunTime:0.000860s ]
INFO: [ view_filter ] --END-- [ RunTime:0.000909s ]
INFO: [ app_end ] --START--
INFO: Run Behavior\ShowPageTraceBehavior [ RunTime:0.001384s ]
INFO: [ app_end ] --END-- [ RunTime:0.001435s ]

[ 2017-12-16T11:39:41+08:00 ] 127.0.0.1 /index.php/Home/order/add.html
INFO: [ app_init ] --START--
INFO: Run Behavior\BuildLiteBehavior [ RunTime:0.000009s ]
INFO: [ app_init ] --END-- [ RunTime:0.000361s ]
INFO: [ app_begin ] --START--
INFO: Run Behavior\ReadHtmlCacheBehavior [ RunTime:0.000630s ]
INFO: [ app_begin ] --END-- [ RunTime:0.000666s ]
SQL: SHOW COLUMNS FROM `sp_order` [ RunTime:0.0052s ]
NOTIC: [8] A session had already been started - ignoring session_start() D:\webtools\server\apache\htdocs\eshop\Application\Tools\Cart.class.php 第 14 行.
SQL: INSERT INTO `sp_order` (`user_id`,`order_number`,`order_price`,`cgn_id`,`add_time`,`upd_time`) VALUES ('1','szphp81513395581','21000','1','1513395581','1513395581') [ RunTime:0.0025s ]
NOTIC: [8] A session had already been started - ignoring session_start() D:\webtools\server\apache\htdocs\eshop\Application\Tools\Cart.class.php 第 14 行.
SQL: SHOW COLUMNS FROM `sp_order_goods` [ RunTime:0.0034s ]
SQL: INSERT INTO `sp_order_goods` (`order_id`,`goods_id`,`goods_price`,`goods_number`,`goods_total_price`) VALUES ('11','2','6000.00','3','18000') [ RunTime:0.0013s ]
SQL: INSERT INTO `sp_order_goods` (`order_id`,`goods_id`,`goods_price`,`goods_number`,`goods_total_price`) VALUES ('11','3','3000.00','1','3000') [ RunTime:0.0015s ]
SQL: SHOW COLUMNS FROM `sp_order` [ RunTime:0.0036s ]
SQL: SELECT `order_number` FROM `sp_order` WHERE `order_id` = 11 LIMIT 1   [ RunTime:0.0002s ]
INFO: [ app_end ] --START--
INFO: Run Behavior\ShowPageTraceBehavior [ RunTime:0.000695s ]
INFO: [ app_end ] --END-- [ RunTime:0.000726s ]

[ 2017-12-16T14:20:13+08:00 ] 127.0.0.1 /home/cart/flow2
INFO: [ app_init ] --START--
INFO: Run Behavior\BuildLiteBehavior [ RunTime:0.000009s ]
INFO: [ app_init ] --END-- [ RunTime:0.000421s ]
INFO: [ app_begin ] --START--
INFO: Run Behavior\ReadHtmlCacheBehavior [ RunTime:0.000771s ]
INFO: [ app_begin ] --END-- [ RunTime:0.000830s ]
NOTIC: [8] A session had already been started - ignoring session_start() D:\webtools\server\apache\htdocs\eshop\Application\Tools\Cart.class.php 第 14 行.
SQL: SHOW COLUMNS FROM `sp_goods` [ RunTime:0.0107s ]
SQL: SELECT `goods_small_logo` FROM `sp_goods` WHERE `goods_id` = 2 LIMIT 1   [ RunTime:0.0002s ]
SQL: SELECT `goods_small_logo` FROM `sp_goods` WHERE `goods_id` = 3 LIMIT 1   [ RunTime:0.0002s ]
INFO: [ view_parse ] --START--
INFO: [ template_filter ] --START--
INFO: Run Behavior\ContentReplaceBehavior [ RunTime:0.000090s ]
INFO: [ template_filter ] --END-- [ RunTime:0.000128s ]
INFO: Run Behavior\ParseTemplateBehavior [ RunTime:0.010094s ]
INFO: [ view_parse ] --END-- [ RunTime:0.010133s ]
INFO: [ view_filter ] --START--
INFO: Run Behavior\WriteHtmlCacheBehavior [ RunTime:0.000483s ]
INFO: [ view_filter ] --END-- [ RunTime:0.000513s ]
INFO: [ app_end ] --START--
INFO: Run Behavior\ShowPageTraceBehavior [ RunTime:0.000589s ]
INFO: [ app_end ] --END-- [ RunTime:0.000618s ]

[ 2017-12-16T14:20:16+08:00 ] 127.0.0.1 /index.php/Home/order/add.html
INFO: [ app_init ] --START--
INFO: Run Behavior\BuildLiteBehavior [ RunTime:0.000008s ]
INFO: [ app_init ] --END-- [ RunTime:0.000383s ]
INFO: [ app_begin ] --START--
INFO: Run Behavior\ReadHtmlCacheBehavior [ RunTime:0.000835s ]
INFO: [ app_begin ] --END-- [ RunTime:0.000875s ]
SQL: SHOW COLUMNS FROM `sp_order` [ RunTime:0.0101s ]
NOTIC: [8] A session had already been started - ignoring session_start() D:\webtools\server\apache\htdocs\eshop\Application\Tools\Cart.class.php 第 14 行.
SQL: INSERT INTO `sp_order` (`user_id`,`order_number`,`order_price`,`cgn_id`,`add_time`,`upd_time`) VALUES ('1','szphp81513405216','21000','1','1513405216','1513405216') [ RunTime:0.0029s ]
NOTIC: [8] A session had already been started - ignoring session_start() D:\webtools\server\apache\htdocs\eshop\Application\Tools\Cart.class.php 第 14 行.
SQL: SHOW COLUMNS FROM `sp_order_goods` [ RunTime:0.0039s ]
SQL: INSERT INTO `sp_order_goods` (`order_id`,`goods_id`,`goods_price`,`goods_number`,`goods_total_price`) VALUES ('12','2','6000.00','3','18000') [ RunTime:0.0013s ]
SQL: INSERT INTO `sp_order_goods` (`order_id`,`goods_id`,`goods_price`,`goods_number`,`goods_total_price`) VALUES ('12','3','3000.00','1','3000') [ RunTime:0.0012s ]
SQL: SHOW COLUMNS FROM `sp_order` [ RunTime:0.0042s ]
SQL: SELECT `order_number` FROM `sp_order` WHERE `order_id` = 12 LIMIT 1   [ RunTime:0.0004s ]
INFO: [ app_end ] --START--
INFO: Run Behavior\ShowPageTraceBehavior [ RunTime:0.000766s ]
INFO: [ app_end ] --END-- [ RunTime:0.000809s ]

[ 2017-12-16T14:24:56+08:00 ] 127.0.0.1 /
INFO: [ app_init ] --START--
INFO: Run Behavior\BuildLiteBehavior [ RunTime:0.000009s ]
INFO: [ app_init ] --END-- [ RunTime:0.000451s ]
INFO: [ app_begin ] --START--
INFO: Run Behavior\ReadHtmlCacheBehavior [ RunTime:0.000758s ]
INFO: [ app_begin ] --END-- [ RunTime:0.000884s ]
INFO: [ view_parse ] --START--
INFO: [ template_filter ] --START--
INFO: Run Behavior\ContentReplaceBehavior [ RunTime:0.000297s ]
INFO: [ template_filter ] --END-- [ RunTime:0.000346s ]
INFO: Run Behavior\ParseTemplateBehavior [ RunTime:0.015467s ]
INFO: [ view_parse ] --END-- [ RunTime:0.015598s ]
INFO: [ view_filter ] --START--
INFO: Run Behavior\WriteHtmlCacheBehavior [ RunTime:0.001196s ]
INFO: [ view_filter ] --END-- [ RunTime:0.001278s ]
INFO: [ app_end ] --START--
INFO: Run Behavior\ShowPageTraceBehavior [ RunTime:0.001501s ]
INFO: [ app_end ] --END-- [ RunTime:0.001559s ]

[ 2017-12-16T14:25:10+08:00 ] 127.0.0.1 /home/cart/flow2
INFO: [ app_init ] --START--
INFO: Run Behavior\BuildLiteBehavior [ RunTime:0.000009s ]
INFO: [ app_init ] --END-- [ RunTime:0.000999s ]
INFO: [ app_begin ] --START--
INFO: Run Behavior\ReadHtmlCacheBehavior [ RunTime:0.000641s ]
INFO: [ app_begin ] --END-- [ RunTime:0.000682s ]
NOTIC: [8] A session had already been started - ignoring session_start() D:\webtools\server\apache\htdocs\eshop\Application\Tools\Cart.class.php 第 14 行.
SQL: SHOW COLUMNS FROM `sp_goods` [ RunTime:0.0098s ]
SQL: SELECT `goods_small_logo` FROM `sp_goods` WHERE `goods_id` = 2 LIMIT 1   [ RunTime:0.0003s ]
SQL: SELECT `goods_small_logo` FROM `sp_goods` WHERE `goods_id` = 3 LIMIT 1   [ RunTime:0.0002s ]
INFO: [ view_parse ] --START--
INFO: [ template_filter ] --START--
INFO: Run Behavior\ContentReplaceBehavior [ RunTime:0.000114s ]
INFO: [ template_filter ] --END-- [ RunTime:0.000153s ]
INFO: Run Behavior\ParseTemplateBehavior [ RunTime:0.009344s ]
INFO: [ view_parse ] --END-- [ RunTime:0.009380s ]
INFO: [ view_filter ] --START--
INFO: Run Behavior\WriteHtmlCacheBehavior [ RunTime:0.000455s ]
INFO: [ view_filter ] --END-- [ RunTime:0.000485s ]
INFO: [ app_end ] --START--
INFO: Run Behavior\ShowPageTraceBehavior [ RunTime:0.000584s ]
INFO: [ app_end ] --END-- [ RunTime:0.000613s ]

[ 2017-12-16T14:25:32+08:00 ] 127.0.0.1 /home/cart/flow2
INFO: [ app_init ] --START--
INFO: Run Behavior\BuildLiteBehavior [ RunTime:0.000009s ]
INFO: [ app_init ] --END-- [ RunTime:0.000409s ]
INFO: [ app_begin ] --START--
INFO: Run Behavior\ReadHtmlCacheBehavior [ RunTime:0.001043s ]
INFO: [ app_begin ] --END-- [ RunTime:0.001101s ]
NOTIC: [8] A session had already been started - ignoring session_start() D:\webtools\server\apache\htdocs\eshop\Application\Tools\Cart.class.php 第 14 行.
SQL: SHOW COLUMNS FROM `sp_goods` [ RunTime:0.0095s ]
SQL: SELECT `goods_small_logo` FROM `sp_goods` WHERE `goods_id` = 2 LIMIT 1   [ RunTime:0.0003s ]
SQL: SELECT `goods_small_logo` FROM `sp_goods` WHERE `goods_id` = 3 LIMIT 1   [ RunTime:0.0002s ]
INFO: [ view_parse ] --START--
INFO: [ template_filter ] --START--
INFO: Run Behavior\ContentReplaceBehavior [ RunTime:0.000089s ]
INFO: [ template_filter ] --END-- [ RunTime:0.000125s ]
INFO: Run Behavior\ParseTemplateBehavior [ RunTime:0.008987s ]
INFO: [ view_parse ] --END-- [ RunTime:0.009022s ]
INFO: [ view_filter ] --START--
INFO: Run Behavior\WriteHtmlCacheBehavior [ RunTime:0.000420s ]
INFO: [ view_filter ] --END-- [ RunTime:0.000449s ]
INFO: [ app_end ] --START--
INFO: Run Behavior\ShowPageTraceBehavior [ RunTime:0.000591s ]
INFO: [ app_end ] --END-- [ RunTime:0.000620s ]

[ 2017-12-16T14:33:54+08:00 ] 127.0.0.1 /home/cart/
INFO: [ app_init ] --START--
INFO: Run Behavior\BuildLiteBehavior [ RunTime:0.000010s ]
INFO: [ app_init ] --END-- [ RunTime:0.000569s ]
INFO: [ app_begin ] --START--
INFO: Run Behavior\ReadHtmlCacheBehavior [ RunTime:0.000679s ]
INFO: [ app_begin ] --END-- [ RunTime:0.000724s ]
INFO: [ view_parse ] --START--
INFO: [ template_filter ] --START--
INFO: Run Behavior\ContentReplaceBehavior [ RunTime:0.000059s ]
INFO: [ template_filter ] --END-- [ RunTime:0.000183s ]
INFO: Run Behavior\ParseTemplateBehavior [ RunTime:0.011061s ]
INFO: [ view_parse ] --END-- [ RunTime:0.011108s ]
INFO: [ view_filter ] --START--
INFO: Run Behavior\WriteHtmlCacheBehavior [ RunTime:0.000559s ]
INFO: [ view_filter ] --END-- [ RunTime:0.000592s ]
INFO: [ app_end ] --START--
INFO: Run Behavior\ShowPageTraceBehavior [ RunTime:0.000829s ]
INFO: [ app_end ] --END-- [ RunTime:0.001203s ]

[ 2017-12-16T14:33:58+08:00 ] 127.0.0.1 /home/cart/flow3
INFO: [ app_init ] --START--
INFO: Run Behavior\BuildLiteBehavior [ RunTime:0.000012s ]
INFO: [ app_init ] --END-- [ RunTime:0.000440s ]
INFO: [ app_begin ] --START--
INFO: Run Behavior\ReadHtmlCacheBehavior [ RunTime:0.000718s ]
INFO: [ app_begin ] --END-- [ RunTime:0.000787s ]
INFO: [ view_parse ] --START--
INFO: [ template_filter ] --START--
INFO: Run Behavior\ContentReplaceBehavior [ RunTime:0.000065s ]
INFO: [ template_filter ] --END-- [ RunTime:0.000123s ]
INFO: Run Behavior\ParseTemplateBehavior [ RunTime:0.008861s ]
INFO: [ view_parse ] --END-- [ RunTime:0.009218s ]
INFO: [ view_filter ] --START--
INFO: Run Behavior\WriteHtmlCacheBehavior [ RunTime:0.001565s ]
INFO: [ view_filter ] --END-- [ RunTime:0.001660s ]
INFO: [ app_end ] --START--
INFO: Run Behavior\ShowPageTraceBehavior [ RunTime:0.000775s ]
INFO: [ app_end ] --END-- [ RunTime:0.000814s ]

