[ 2018-01-05T10:34:29+08:00 ] 127.0.0.1 /3.8tp.eshop/eshop/Application/Home//View/Index/__HOME__/js/index.js
INFO: [ app_init ] --START--
INFO: Run Behavior\BuildLiteBehavior [ RunTime:0.000000s ]
INFO: [ app_init ] --END-- [ RunTime:0.001000s ]
ERR: 无法加载模块:Application

[ 2018-01-05T10:34:29+08:00 ] 127.0.0.1 /3.8tp.eshop/eshop/Application/Home//View/Index/__HOME__/style/index.css
INFO: [ app_init ] --START--
INFO: Run Behavior\BuildLiteBehavior [ RunTime:0.000000s ]
INFO: [ app_init ] --END-- [ RunTime:0.001000s ]
ERR: 无法加载模块:Application

[ 2018-01-05T10:34:29+08:00 ] 127.0.0.1 /3.8tp.eshop/eshop/Application/Home//View/Index/__HOME__/images/index_slide4.jpg
INFO: [ app_init ] --START--
INFO: Run Behavior\BuildLiteBehavior [ RunTime:0.000000s ]
INFO: [ app_init ] --END-- [ RunTime:0.000000s ]
ERR: 无法加载模块:Application

[ 2018-01-05T10:34:29+08:00 ] 127.0.0.1 /3.8tp.eshop/eshop/Application/Home//View/Index/__HOME__/images/index_slide3.jpg
INFO: [ app_init ] --START--
INFO: Run Behavior\BuildLiteBehavior [ RunTime:0.000000s ]
INFO: [ app_init ] --END-- [ RunTime:0.000000s ]
ERR: 无法加载模块:Application

[ 2018-01-05T10:34:29+08:00 ] 127.0.0.1 /3.8tp.eshop/eshop/Application/Home//View/Index/__HOME__/images/index_slide2.jpg
INFO: [ app_init ] --START--
INFO: Run Behavior\BuildLiteBehavior [ RunTime:0.000000s ]
INFO: [ app_init ] --END-- [ RunTime:0.001000s ]
ERR: 无法加载模块:Application

[ 2018-01-05T10:34:29+08:00 ] 127.0.0.1 /3.8tp.eshop/eshop/Application/Home//View/Index/__HOME__/images/index_slide5.jpg
INFO: [ app_init ] --START--
INFO: Run Behavior\BuildLiteBehavior [ RunTime:0.000000s ]
INFO: [ app_init ] --END-- [ RunTime:0.000000s ]
ERR: 无法加载模块:Application

[ 2018-01-05T10:34:29+08:00 ] 127.0.0.1 /3.8tp.eshop/eshop/Application/Home//View/Index/__HOME__/images/index_slide1.jpg
INFO: [ app_init ] --START--
INFO: Run Behavior\BuildLiteBehavior [ RunTime:0.000000s ]
INFO: [ app_init ] --END-- [ RunTime:0.001000s ]
ERR: 无法加载模块:Application

[ 2018-01-05T10:34:29+08:00 ] 127.0.0.1 /3.8tp.eshop/eshop/Application/Home//View/Index/__HOME__/images/index_slide6.jpg
INFO: [ app_init ] --START--
INFO: Run Behavior\BuildLiteBehavior [ RunTime:0.000000s ]
INFO: [ app_init ] --END-- [ RunTime:0.000000s ]
ERR: 无法加载模块:Application

[ 2018-01-05T10:34:29+08:00 ] 127.0.0.1 /3.8tp.eshop/eshop/Application/Home//View/Index/__HOME__/images/scenic.jpg
INFO: [ app_init ] --START--
INFO: Run Behavior\BuildLiteBehavior [ RunTime:0.000000s ]
INFO: [ app_init ] --END-- [ RunTime:0.001000s ]
ERR: 无法加载模块:Application

[ 2018-01-05T10:34:29+08:00 ] 127.0.0.1 /3.8tp.eshop/eshop/Application/Home//View/Index/__HOME__/images/sanguo.jpg
INFO: [ app_init ] --START--
INFO: Run Behavior\BuildLiteBehavior [ RunTime:0.000000s ]
INFO: [ app_init ] --END-- [ RunTime:0.001000s ]
ERR: 无法加载模块:Application

[ 2018-01-05T10:34:29+08:00 ] 127.0.0.1 /3.8tp.eshop/eshop/Application/Home//View/Index/__HOME__/images/holiday.jpg
INFO: [ app_init ] --START--
INFO: Run Behavior\BuildLiteBehavior [ RunTime:0.000000s ]
INFO: [ app_init ] --END-- [ RunTime:0.000000s ]
ERR: 无法加载模块:Application

[ 2018-01-05T10:34:29+08:00 ] 127.0.0.1 /3.8tp.eshop/eshop/Application/Home//View/Index/__HOME__/images/lottery.jpg
INFO: [ app_init ] --START--
INFO: Run Behavior\BuildLiteBehavior [ RunTime:0.000000s ]
INFO: [ app_init ] --END-- [ RunTime:0.000000s ]
ERR: 无法加载模块:Application

[ 2018-01-05T10:34:29+08:00 ] 127.0.0.1 /3.8tp.eshop/eshop/Application/Home//View/Index/__HOME__/images/taohua.jpg
INFO: [ app_init ] --START--
INFO: Run Behavior\BuildLiteBehavior [ RunTime:0.000000s ]
INFO: [ app_init ] --END-- [ RunTime:0.002000s ]
ERR: 无法加载模块:Application

[ 2018-01-05T10:34:29+08:00 ] 127.0.0.1 /3.8tp.eshop/eshop/Application/Home//View/Index/__HOME__/images/ad.jpg
INFO: [ app_init ] --START--
INFO: Run Behavior\BuildLiteBehavior [ RunTime:0.000000s ]
INFO: [ app_init ] --END-- [ RunTime:0.005000s ]
ERR: 无法加载模块:Application

[ 2018-01-05T10:34:29+08:00 ] 127.0.0.1 /3.8tp.eshop/eshop/Application/Home//View/Index/__HOME__/images/wulin.jpg
INFO: [ app_init ] --START--
INFO: Run Behavior\BuildLiteBehavior [ RunTime:0.000000s ]
INFO: [ app_init ] --END-- [ RunTime:0.001000s ]
ERR: 无法加载模块:Application

[ 2018-01-05T10:34:29+08:00 ] 127.0.0.1 /3.8tp.eshop/eshop/Application/Home//View/Index/__HOME__/images/crazy1.jpg
INFO: [ app_init ] --START--
INFO: Run Behavior\BuildLiteBehavior [ RunTime:0.000000s ]
INFO: [ app_init ] --END-- [ RunTime:0.001000s ]
ERR: 无法加载模块:Application

[ 2018-01-05T10:34:29+08:00 ] 127.0.0.1 /3.8tp.eshop/eshop/Application/Home//View/Index/__HOME__/images/crazy3.jpg
INFO: [ app_init ] --START--
INFO: Run Behavior\BuildLiteBehavior [ RunTime:0.000000s ]
INFO: [ app_init ] --END-- [ RunTime:0.000000s ]
ERR: 无法加载模块:Application

[ 2018-01-05T10:34:29+08:00 ] 127.0.0.1 /3.8tp.eshop/eshop/Application/Home//View/Index/__HOME__/images/crazy2.jpg
INFO: [ app_init ] --START--
INFO: Run Behavior\BuildLiteBehavior [ RunTime:0.000000s ]
INFO: [ app_init ] --END-- [ RunTime:0.001000s ]
ERR: 无法加载模块:Application

[ 2018-01-05T10:34:29+08:00 ] 127.0.0.1 /3.8tp.eshop/eshop/Application/Home//View/Index/__HOME__/images/crazy5.jpg
INFO: [ app_init ] --START--
INFO: Run Behavior\BuildLiteBehavior [ RunTime:0.000000s ]
INFO: [ app_init ] --END-- [ RunTime:0.000000s ]
ERR: 无法加载模块:Application

[ 2018-01-05T10:34:29+08:00 ] 127.0.0.1 /3.8tp.eshop/eshop/Application/Home//View/Index/__HOME__/images/crazy4.jpg
INFO: [ app_init ] --START--
INFO: Run Behavior\BuildLiteBehavior [ RunTime:0.000000s ]
INFO: [ app_init ] --END-- [ RunTime:0.000000s ]
ERR: 无法加载模块:Application

[ 2018-01-05T10:34:29+08:00 ] 127.0.0.1 /3.8tp.eshop/eshop/Application/Home//View/Index/__HOME__/images/hot2.jpg
INFO: [ app_init ] --START--
INFO: Run Behavior\BuildLiteBehavior [ RunTime:0.000000s ]
INFO: [ app_init ] --END-- [ RunTime:0.001000s ]
ERR: 无法加载模块:Application

[ 2018-01-05T10:34:29+08:00 ] 127.0.0.1 /3.8tp.eshop/eshop/Application/Home//View/Index/__HOME__/images/hot3.jpg
INFO: [ app_init ] --START--
INFO: Run Behavior\BuildLiteBehavior [ RunTime:0.000000s ]
INFO: [ app_init ] --END-- [ RunTime:0.001000s ]
ERR: 无法加载模块:Application

[ 2018-01-05T10:34:29+08:00 ] 127.0.0.1 /3.8tp.eshop/eshop/Application/Home//View/Index/__HOME__/images/hot1.jpg
INFO: [ app_init ] --START--
INFO: Run Behavior\BuildLiteBehavior [ RunTime:0.000000s ]
INFO: [ app_init ] --END-- [ RunTime:0.000000s ]
ERR: 无法加载模块:Application

[ 2018-01-05T10:34:29+08:00 ] 127.0.0.1 /3.8tp.eshop/eshop/Application/Home//View/Index/__HOME__/images/recommend1.jpg
INFO: [ app_init ] --START--
INFO: Run Behavior\BuildLiteBehavior [ RunTime:0.000000s ]
INFO: [ app_init ] --END-- [ RunTime:0.001000s ]
ERR: 无法加载模块:Application

[ 2018-01-05T10:34:29+08:00 ] 127.0.0.1 /3.8tp.eshop/eshop/Application/Home//View/Index/__HOME__/images/recommend2.jpg
INFO: [ app_init ] --START--
INFO: Run Behavior\BuildLiteBehavior [ RunTime:0.000000s ]
INFO: [ app_init ] --END-- [ RunTime:0.000000s ]
ERR: 无法加载模块:Application

[ 2018-01-05T10:34:29+08:00 ] 127.0.0.1 /3.8tp.eshop/eshop/Application/Home//View/Index/__HOME__/images/recommend3.jpg
INFO: [ app_init ] --START--
INFO: Run Behavior\BuildLiteBehavior [ RunTime:0.000000s ]
INFO: [ app_init ] --END-- [ RunTime:0.000000s ]
ERR: 无法加载模块:Application

[ 2018-01-05T10:34:29+08:00 ] 127.0.0.1 /3.8tp.eshop/eshop/Application/Home//View/Index/__HOME__/images/new1.jpg
INFO: [ app_init ] --START--
INFO: Run Behavior\BuildLiteBehavior [ RunTime:0.000000s ]
INFO: [ app_init ] --END-- [ RunTime:0.000000s ]
ERR: 无法加载模块:Application

[ 2018-01-05T10:34:29+08:00 ] 127.0.0.1 /3.8tp.eshop/eshop/Application/Home//View/Index/__HOME__/images/new2.jpg
INFO: [ app_init ] --START--
INFO: Run Behavior\BuildLiteBehavior [ RunTime:0.000000s ]
INFO: [ app_init ] --END-- [ RunTime:0.001000s ]
ERR: 无法加载模块:Application

[ 2018-01-05T10:34:29+08:00 ] 127.0.0.1 /3.8tp.eshop/eshop/Application/Home//View/Index/__HOME__/images/guess1.jpg
INFO: [ app_init ] --START--
INFO: Run Behavior\BuildLiteBehavior [ RunTime:0.000000s ]
INFO: [ app_init ] --END-- [ RunTime:0.000000s ]
ERR: 无法加载模块:Application

[ 2018-01-05T10:34:29+08:00 ] 127.0.0.1 /3.8tp.eshop/eshop/Application/Home//View/Index/__HOME__/images/guess2.jpg
INFO: [ app_init ] --START--
INFO: Run Behavior\BuildLiteBehavior [ RunTime:0.000000s ]
INFO: [ app_init ] --END-- [ RunTime:0.000000s ]
ERR: 无法加载模块:Application

[ 2018-01-05T10:34:29+08:00 ] 127.0.0.1 /3.8tp.eshop/eshop/Application/Home//View/Index/__HOME__/images/viewsonic.jpg
INFO: [ app_init ] --START--
INFO: Run Behavior\BuildLiteBehavior [ RunTime:0.000000s ]
INFO: [ app_init ] --END-- [ RunTime:0.000000s ]
ERR: 无法加载模块:Application

[ 2018-01-05T10:34:29+08:00 ] 127.0.0.1 /3.8tp.eshop/eshop/Application/Home//View/Index/__HOME__/images/notebook.jpg
INFO: [ app_init ] --START--
INFO: Run Behavior\BuildLiteBehavior [ RunTime:0.000000s ]
INFO: [ app_init ] --END-- [ RunTime:0.001000s ]
ERR: 无法加载模块:Application

[ 2018-01-05T10:34:29+08:00 ] 127.0.0.1 /3.8tp.eshop/eshop/Application/Home//View/Index/__HOME__/images/samsung.jpg
INFO: [ app_init ] --START--
INFO: Run Behavior\BuildLiteBehavior [ RunTime:0.000000s ]
INFO: [ app_init ] --END-- [ RunTime:0.001001s ]
ERR: 无法加载模块:Application

[ 2018-01-05T10:34:29+08:00 ] 127.0.0.1 /3.8tp.eshop/eshop/Application/Home//View/Index/__HOME__/images/hpG4.jpg
INFO: [ app_init ] --START--
INFO: Run Behavior\BuildLiteBehavior [ RunTime:0.000000s ]
INFO: [ app_init ] --END-- [ RunTime:0.001000s ]
ERR: 无法加载模块:Application

[ 2018-01-05T10:34:29+08:00 ] 127.0.0.1 /3.8tp.eshop/eshop/Application/Home//View/Index/__HOME__/images/guess3.jpg
INFO: [ app_init ] --START--
INFO: Run Behavior\BuildLiteBehavior [ RunTime:0.000000s ]
INFO: [ app_init ] --END-- [ RunTime:0.001000s ]
ERR: 无法加载模块:Application

[ 2018-01-05T10:34:29+08:00 ] 127.0.0.1 /3.8tp.eshop/eshop/Application/Home//View/Index/__HOME__/images/thinkpad%20e420.jpg
INFO: [ app_init ] --START--
INFO: Run Behavior\BuildLiteBehavior [ RunTime:0.000000s ]
INFO: [ app_init ] --END-- [ RunTime:0.001000s ]
ERR: 无法加载模块:Application

[ 2018-01-05T10:34:29+08:00 ] 127.0.0.1 /3.8tp.eshop/eshop/Application/Home//View/Index/__HOME__/images/acer4739.jpg
INFO: [ app_init ] --START--
INFO: Run Behavior\BuildLiteBehavior [ RunTime:0.000000s ]
INFO: [ app_init ] --END-- [ RunTime:0.000000s ]
ERR: 无法加载模块:Application

[ 2018-01-05T10:34:29+08:00 ] 127.0.0.1 /3.8tp.eshop/eshop/Application/Home//View/Index/__HOME__/images/lh531.jpg
INFO: [ app_init ] --START--
INFO: Run Behavior\BuildLiteBehavior [ RunTime:0.000000s ]
INFO: [ app_init ] --END-- [ RunTime:0.001000s ]
ERR: 无法加载模块:Application

[ 2018-01-05T10:34:29+08:00 ] 127.0.0.1 /3.8tp.eshop/eshop/Application/Home//View/Index/__HOME__/images/samsung6800.jpg
INFO: [ app_init ] --START--
INFO: Run Behavior\BuildLiteBehavior [ RunTime:0.000000s ]
INFO: [ app_init ] --END-- [ RunTime:0.001000s ]
ERR: 无法加载模块:Application

[ 2018-01-05T10:34:29+08:00 ] 127.0.0.1 /3.8tp.eshop/eshop/Application/Home//View/Index/__HOME__/images/dell.gif
INFO: [ app_init ] --START--
INFO: Run Behavior\BuildLiteBehavior [ RunTime:0.000000s ]
INFO: [ app_init ] --END-- [ RunTime:0.000000s ]
ERR: 无法加载模块:Application

[ 2018-01-05T10:34:29+08:00 ] 127.0.0.1 /3.8tp.eshop/eshop/Application/Home//View/Index/__HOME__/images/qinghuax2.jpg
INFO: [ app_init ] --START--
INFO: Run Behavior\BuildLiteBehavior [ RunTime:0.000000s ]
INFO: [ app_init ] --END-- [ RunTime:0.001000s ]
ERR: 无法加载模块:Application

[ 2018-01-05T10:34:29+08:00 ] 127.0.0.1 /3.8tp.eshop/eshop/Application/Home//View/Index/__HOME__/images/acer.gif
INFO: [ app_init ] --START--
INFO: Run Behavior\BuildLiteBehavior [ RunTime:0.000000s ]
INFO: [ app_init ] --END-- [ RunTime:0.000000s ]
ERR: 无法加载模块:Application

[ 2018-01-05T10:34:29+08:00 ] 127.0.0.1 /3.8tp.eshop/eshop/Application/Home//View/Index/__HOME__/images/fujitsu.jpg
INFO: [ app_init ] --START--
INFO: Run Behavior\BuildLiteBehavior [ RunTime:0.000000s ]
INFO: [ app_init ] --END-- [ RunTime:0.000000s ]
ERR: 无法加载模块:Application

[ 2018-01-05T10:34:29+08:00 ] 127.0.0.1 /3.8tp.eshop/eshop/Application/Home//View/Index/__HOME__/images/hp.jpg
INFO: [ app_init ] --START--
INFO: Run Behavior\BuildLiteBehavior [ RunTime:0.000000s ]
INFO: [ app_init ] --END-- [ RunTime:0.001000s ]
ERR: 无法加载模块:Application

[ 2018-01-05T10:34:29+08:00 ] 127.0.0.1 /3.8tp.eshop/eshop/Application/Home//View/Index/__HOME__/images/lenove.jpg
INFO: [ app_init ] --START--
INFO: Run Behavior\BuildLiteBehavior [ RunTime:0.000000s ]
INFO: [ app_init ] --END-- [ RunTime:0.000000s ]
ERR: 无法加载模块:Application

[ 2018-01-05T10:34:29+08:00 ] 127.0.0.1 /3.8tp.eshop/eshop/Application/Home//View/Index/__HOME__/images/samsung.gif
INFO: [ app_init ] --START--
INFO: Run Behavior\BuildLiteBehavior [ RunTime:0.000000s ]
INFO: [ app_init ] --END-- [ RunTime:0.001000s ]
ERR: 无法加载模块:Application

[ 2018-01-05T10:34:29+08:00 ] 127.0.0.1 /3.8tp.eshop/eshop/Application/Home//View/Index/__HOME__/images/dlink.gif
INFO: [ app_init ] --START--
INFO: Run Behavior\BuildLiteBehavior [ RunTime:0.000000s ]
INFO: [ app_init ] --END-- [ RunTime:0.001000s ]
ERR: 无法加载模块:Application

[ 2018-01-05T10:34:29+08:00 ] 127.0.0.1 /3.8tp.eshop/eshop/Application/Home//View/Index/__HOME__/images/canon.jpg
INFO: [ app_init ] --START--
INFO: Run Behavior\BuildLiteBehavior [ RunTime:0.000000s ]
INFO: [ app_init ] --END-- [ RunTime:0.001000s ]
ERR: 无法加载模块:Application

[ 2018-01-05T10:34:29+08:00 ] 127.0.0.1 /3.8tp.eshop/eshop/Application/Home//View/Index/__HOME__/images/seagate.jpg
INFO: [ app_init ] --START--
INFO: Run Behavior\BuildLiteBehavior [ RunTime:0.000000s ]
INFO: [ app_init ] --END-- [ RunTime:0.000000s ]
ERR: 无法加载模块:Application

[ 2018-01-05T10:34:29+08:00 ] 127.0.0.1 /3.8tp.eshop/eshop/Application/Home//View/Index/__HOME__/images/intel.jpg
INFO: [ app_init ] --START--
INFO: Run Behavior\BuildLiteBehavior [ RunTime:0.000000s ]
INFO: [ app_init ] --END-- [ RunTime:0.000000s ]
ERR: 无法加载模块:Application

